The system is: Linux - 3.10.0-1160.76.1.el7.x86_64 - x86_64
Compiling the C compiler identification source file "CMakeCCompilerId.c" succeeded.
Compiler: /users/khalbert/installs/git/spack/opt/spack/linux-rhel7-nehalem/gcc-10.3.0/gcc-10.3.0-lyjz33bckrr2qoosavernb7ejm3v26fh/bin/gcc 
Build flags: 
Id flags:  

The output was:
0


Compilation of the C compiler identification source "CMakeCCompilerId.c" produced "a.out"

The C compiler identification is GNU, found in "/users/khalbert/CODEBASE/NSHARP-calc/build/CMakeFiles/3.23.1/CompilerIdC/a.out"

Compiling the CXX compiler identification source file "CMakeCXXCompilerId.cpp" succeeded.
Compiler: /users/khalbert/installs/git/spack/opt/spack/linux-rhel7-nehalem/gcc-10.3.0/gcc-10.3.0-lyjz33bckrr2qoosavernb7ejm3v26fh/bin/g++ 
Build flags: 
Id flags:  

The output was:
0


Compilation of the CXX compiler identification source "CMakeCXXCompilerId.cpp" produced "a.out"

The CXX compiler identification is GNU, found in "/users/khalbert/CODEBASE/NSHARP-calc/build/CMakeFiles/3.23.1/CompilerIdCXX/a.out"

Detecting C compiler ABI info compiled with the following output:
Change Dir: /users/khalbert/CODEBASE/NSHARP-calc/build/CMakeFiles/CMakeTmp

Run Build Command(s):/usr/bin/gmake -f Makefile cmTC_c6b37/fast && /usr/bin/gmake  -f CMakeFiles/cmTC_c6b37.dir/build.make CMakeFiles/cmTC_c6b37.dir/build
gmake[1]: Entering directory `/users/khalbert/CODEBASE/NSHARP-calc/build/CMakeFiles/CMakeTmp'
Building C object CMakeFiles/cmTC_c6b37.dir/CMakeCCompilerABI.c.o
/users/khalbert/installs/git/spack/opt/spack/linux-rhel7-nehalem/gcc-10.3.0/gcc-10.3.0-lyjz33bckrr2qoosavernb7ejm3v26fh/bin/gcc   -v -o CMakeFiles/cmTC_c6b37.dir/CMakeCCompilerABI.c.o -c /users/khalbert/installs/git/spack/opt/spack/linux-rhel7-nehalem/gcc-10.3.0/cmake-3.23.1-5pqvdmjkxgngw2vwc2bpzwgr4jxbdxej/share/cmake-3.23/Modules/CMakeCCompilerABI.c
Reading specs from /users/khalbert/installs/git/spack/opt/spack/linux-rhel7-nehalem/gcc-10.3.0/gcc-10.3.0-lyjz33bckrr2qoosavernb7ejm3v26fh/lib/gcc/x86_64-pc-linux-gnu/10.3.0/specs
COLLECT_GCC=/users/khalbert/installs/git/spack/opt/spack/linux-rhel7-nehalem/gcc-10.3.0/gcc-10.3.0-lyjz33bckrr2qoosavernb7ejm3v26fh/bin/gcc
Target: x86_64-pc-linux-gnu
Configured with: /tmp/khalbert/spack-stage/spack-stage-gcc-10.3.0-lyjz33bckrr2qoosavernb7ejm3v26fh/spack-src/configure --prefix=/users/khalbert/installs/git/spack/opt/spack/linux-rhel7-nehalem/gcc-10.3.0/gcc-10.3.0-lyjz33bckrr2qoosavernb7ejm3v26fh --with-pkgversion='Spack GCC' --with-bugurl=https://github.com/spack/spack/issues --disable-multilib --enable-languages=c,c++,fortran,go,jit --disable-nls --disable-canonical-system-headers --with-system-zlib --with-zstd-include=/users/khalbert/installs/git/spack/opt/spack/linux-rhel7-nehalem/gcc-10.3.0/zstd-1.5.2-uwnu6iiacyfmsa2heywy2poz7ptntphw/include --with-zstd-lib=/users/khalbert/installs/git/spack/opt/spack/linux-rhel7-nehalem/gcc-10.3.0/zstd-1.5.2-uwnu6iiacyfmsa2heywy2poz7ptntphw/lib --enable-host-shared --with-gnu-ld --with-ld=/users/khalbert/installs/git/spack/opt/spack/linux-rhel7-nehalem/gcc-10.3.0/binutils-2.38-xzgat4k66roe5pn7d2f3aaepojdirkww/bin/ld --with-gnu-as --with-as=/users/khalbert/installs/git/spack/opt/spack/linux-rhel7-nehalem/gcc-10.3.0/binutils-2.38-xzgat4k66roe5pn7d2f3aaepojdirkww/bin/as --enable-bootstrap --with-mpfr-include=/users/khalbert/installs/git/spack/opt/spack/linux-rhel7-nehalem/gcc-10.3.0/mpfr-4.1.0-myphh33a7hgi77xsmwmhni4aca353k2m/include --with-mpfr-lib=/users/khalbert/installs/git/spack/opt/spack/linux-rhel7-nehalem/gcc-10.3.0/mpfr-4.1.0-myphh33a7hgi77xsmwmhni4aca353k2m/lib --with-gmp-include=/users/khalbert/installs/git/spack/opt/spack/linux-rhel7-nehalem/gcc-10.3.0/gmp-6.2.1-5qoxvarekvgwasrroachayu27qpdfzfu/include --with-gmp-lib=/users/khalbert/installs/git/spack/opt/spack/linux-rhel7-nehalem/gcc-10.3.0/gmp-6.2.1-5qoxvarekvgwasrroachayu27qpdfzfu/lib --with-mpc-include=/users/khalbert/installs/git/spack/opt/spack/linux-rhel7-nehalem/gcc-10.3.0/mpc-1.2.1-mg7le4ejr2k4owuj3n52srf34oegexiy/include --with-mpc-lib=/users/khalbert/installs/git/spack/opt/spack/linux-rhel7-nehalem/gcc-10.3.0/mpc-1.2.1-mg7le4ejr2k4owuj3n52srf34oegexiy/lib --without-isl --with-stage1-ldflags='-Wl,-rpath,/users/khalbert/installs/git/spack/opt/spack/linux-rhel7-nehalem/gcc-10.3.0/gcc-10.3.0-lyjz33bckrr2qoosavernb7ejm3v26fh/lib -Wl,-rpath,/users/khalbert/installs/git/spack/opt/spack/linux-rhel7-nehalem/gcc-10.3.0/gcc-10.3.0-lyjz33bckrr2qoosavernb7ejm3v26fh/lib64 -Wl,-rpath,/users/khalbert/installs/git/spack/opt/spack/linux-rhel7-nehalem/gcc-10.3.0/binutils-2.38-xzgat4k66roe5pn7d2f3aaepojdirkww/lib -Wl,-rpath,/users/khalbert/installs/git/spack/opt/spack/linux-rhel7-nehalem/gcc-10.3.0/gmp-6.2.1-5qoxvarekvgwasrroachayu27qpdfzfu/lib -Wl,-rpath,/users/khalbert/installs/git/spack/opt/spack/linux-rhel7-nehalem/gcc-10.3.0/mpc-1.2.1-mg7le4ejr2k4owuj3n52srf34oegexiy/lib -Wl,-rpath,/users/khalbert/installs/git/spack/opt/spack/linux-rhel7-nehalem/gcc-10.3.0/mpfr-4.1.0-myphh33a7hgi77xsmwmhni4aca353k2m/lib -Wl,-rpath,/users/khalbert/installs/git/spack/opt/spack/linux-rhel7-nehalem/gcc-10.3.0/zlib-1.2.12-jcdjapnvvgzbj3nuyxudkrto7vie4wbu/lib -Wl,-rpath,/users/khalbert/installs/git/spack/opt/spack/linux-rhel7-nehalem/gcc-10.3.0/zstd-1.5.2-uwnu6iiacyfmsa2heywy2poz7ptntphw/lib' --with-boot-ldflags='-Wl,-rpath,/users/khalbert/installs/git/spack/opt/spack/linux-rhel7-nehalem/gcc-10.3.0/gcc-10.3.0-lyjz33bckrr2qoosavernb7ejm3v26fh/lib -Wl,-rpath,/users/khalbert/installs/git/spack/opt/spack/linux-rhel7-nehalem/gcc-10.3.0/gcc-10.3.0-lyjz33bckrr2qoosavernb7ejm3v26fh/lib64 -Wl,-rpath,/users/khalbert/installs/git/spack/opt/spack/linux-rhel7-nehalem/gcc-10.3.0/binutils-2.38-xzgat4k66roe5pn7d2f3aaepojdirkww/lib -Wl,-rpath,/users/khalbert/installs/git/spack/opt/spack/linux-rhel7-nehalem/gcc-10.3.0/gmp-6.2.1-5qoxvarekvgwasrroachayu27qpdfzfu/lib -Wl,-rpath,/users/khalbert/installs/git/spack/opt/spack/linux-rhel7-nehalem/gcc-10.3.0/mpc-1.2.1-mg7le4ejr2k4owuj3n52srf34oegexiy/lib -Wl,-rpath,/users/khalbert/installs/git/spack/opt/spack/linux-rhel7-nehalem/gcc-10.3.0/mpfr-4.1.0-myphh33a7hgi77xsmwmhni4aca353k2m/lib -Wl,-rpath,/users/khalbert/installs/git/spack/opt/spack/linux-rhel7-nehalem/gcc-10.3.0/zlib-1.2.12-jcdjapnvvgzbj3nuyxudkrto7vie4wbu/lib -Wl,-rpath,/users/khalbert/installs/git/spack/opt/spack/linux-rhel7-nehalem/gcc-10.3.0/zstd-1.5.2-uwnu6iiacyfmsa2heywy2poz7ptntphw/lib -static-libstdc++ -static-libgcc' --with-build-config=spack
Thread model: posix
Supported LTO compression algorithms: zlib zstd
gcc version 10.3.0 (Spack GCC) 
COLLECT_GCC_OPTIONS='-v' '-o' 'CMakeFiles/cmTC_c6b37.dir/CMakeCCompilerABI.c.o' '-c' '-mtune=generic' '-march=x86-64'
 /users/khalbert/installs/git/spack/opt/spack/linux-rhel7-nehalem/gcc-10.3.0/gcc-10.3.0-lyjz33bckrr2qoosavernb7ejm3v26fh/libexec/gcc/x86_64-pc-linux-gnu/10.3.0/cc1 -quiet -v /users/khalbert/installs/git/spack/opt/spack/linux-rhel7-nehalem/gcc-10.3.0/cmake-3.23.1-5pqvdmjkxgngw2vwc2bpzwgr4jxbdxej/share/cmake-3.23/Modules/CMakeCCompilerABI.c -quiet -dumpbase CMakeCCompilerABI.c -mtune=generic -march=x86-64 -auxbase-strip CMakeFiles/cmTC_c6b37.dir/CMakeCCompilerABI.c.o -version -o /tmp/ccIC0lqV.s
GNU C17 (Spack GCC) version 10.3.0 (x86_64-pc-linux-gnu)
	compiled by GNU C version 10.3.0, GMP version 6.2.1, MPFR version 4.1.0, MPC version 1.2.1, isl version none
GGC heuristics: --param ggc-min-expand=100 --param ggc-min-heapsize=131072
ignoring nonexistent directory "/users/khalbert/installs/git/spack/opt/spack/linux-rhel7-nehalem/gcc-10.3.0/gcc-10.3.0-lyjz33bckrr2qoosavernb7ejm3v26fh/lib/gcc/x86_64-pc-linux-gnu/10.3.0/../../../../x86_64-pc-linux-gnu/include"
#include "..." search starts here:
#include <...> search starts here:
 /users/khalbert/installs/git/spack/opt/spack/linux-rhel7-nehalem/gcc-10.3.0/gcc-10.3.0-lyjz33bckrr2qoosavernb7ejm3v26fh/lib/gcc/x86_64-pc-linux-gnu/10.3.0/include
 /usr/local/include
 /users/khalbert/installs/git/spack/opt/spack/linux-rhel7-nehalem/gcc-10.3.0/gcc-10.3.0-lyjz33bckrr2qoosavernb7ejm3v26fh/include
 /users/khalbert/installs/git/spack/opt/spack/linux-rhel7-nehalem/gcc-10.3.0/gcc-10.3.0-lyjz33bckrr2qoosavernb7ejm3v26fh/lib/gcc/x86_64-pc-linux-gnu/10.3.0/include-fixed
 /usr/include
End of search list.
GNU C17 (Spack GCC) version 10.3.0 (x86_64-pc-linux-gnu)
	compiled by GNU C version 10.3.0, GMP version 6.2.1, MPFR version 4.1.0, MPC version 1.2.1, isl version none
GGC heuristics: --param ggc-min-expand=100 --param ggc-min-heapsize=131072
Compiler executable checksum: ee1431d3f6ae79e8b207291752e2ba2a
COLLECT_GCC_OPTIONS='-v' '-o' 'CMakeFiles/cmTC_c6b37.dir/CMakeCCompilerABI.c.o' '-c' '-mtune=generic' '-march=x86-64'
 /users/khalbert/installs/git/spack/opt/spack/linux-rhel7-nehalem/gcc-10.3.0/binutils-2.38-xzgat4k66roe5pn7d2f3aaepojdirkww/bin/as -v --64 -o CMakeFiles/cmTC_c6b37.dir/CMakeCCompilerABI.c.o /tmp/ccIC0lqV.s
GNU assembler version 2.38 (x86_64-pc-linux-gnu) using BFD version (GNU Binutils) 2.38
COMPILER_PATH=/users/khalbert/installs/git/spack/opt/spack/linux-rhel7-nehalem/gcc-10.3.0/gcc-10.3.0-lyjz33bckrr2qoosavernb7ejm3v26fh/libexec/gcc/x86_64-pc-linux-gnu/10.3.0/:/users/khalbert/installs/git/spack/opt/spack/linux-rhel7-nehalem/gcc-10.3.0/gcc-10.3.0-lyjz33bckrr2qoosavernb7ejm3v26fh/libexec/gcc/x86_64-pc-linux-gnu/10.3.0/:/users/khalbert/installs/git/spack/opt/spack/linux-rhel7-nehalem/gcc-10.3.0/gcc-10.3.0-lyjz33bckrr2qoosavernb7ejm3v26fh/libexec/gcc/x86_64-pc-linux-gnu/:/users/khalbert/installs/git/spack/opt/spack/linux-rhel7-nehalem/gcc-10.3.0/gcc-10.3.0-lyjz33bckrr2qoosavernb7ejm3v26fh/lib/gcc/x86_64-pc-linux-gnu/10.3.0/:/users/khalbert/installs/git/spack/opt/spack/linux-rhel7-nehalem/gcc-10.3.0/gcc-10.3.0-lyjz33bckrr2qoosavernb7ejm3v26fh/lib/gcc/x86_64-pc-linux-gnu/
LIBRARY_PATH=/users/khalbert/installs/git/spack/opt/spack/linux-rhel7-nehalem/gcc-10.3.0/gcc-10.3.0-lyjz33bckrr2qoosavernb7ejm3v26fh/lib/gcc/x86_64-pc-linux-gnu/10.3.0/:/users/khalbert/installs/git/spack/opt/spack/linux-rhel7-nehalem/gcc-10.3.0/gcc-10.3.0-lyjz33bckrr2qoosavernb7ejm3v26fh/lib/gcc/x86_64-pc-linux-gnu/10.3.0/../../../../lib64/:/lib/../lib64/:/usr/lib/../lib64/:/users/khalbert/installs/git/spack/opt/spack/linux-rhel7-nehalem/gcc-10.3.0/gcc-10.3.0-lyjz33bckrr2qoosavernb7ejm3v26fh/lib/gcc/x86_64-pc-linux-gnu/10.3.0/../../../:/lib/:/usr/lib/
COLLECT_GCC_OPTIONS='-v' '-o' 'CMakeFiles/cmTC_c6b37.dir/CMakeCCompilerABI.c.o' '-c' '-mtune=generic' '-march=x86-64'
Linking C executable cmTC_c6b37
/users/khalbert/installs/git/spack/opt/spack/linux-rhel7-nehalem/gcc-10.3.0/cmake-3.23.1-5pqvdmjkxgngw2vwc2bpzwgr4jxbdxej/bin/cmake -E cmake_link_script CMakeFiles/cmTC_c6b37.dir/link.txt --verbose=1
/users/khalbert/installs/git/spack/opt/spack/linux-rhel7-nehalem/gcc-10.3.0/gcc-10.3.0-lyjz33bckrr2qoosavernb7ejm3v26fh/bin/gcc  -v -rdynamic CMakeFiles/cmTC_c6b37.dir/CMakeCCompilerABI.c.o -o cmTC_c6b37 
Reading specs from /users/khalbert/installs/git/spack/opt/spack/linux-rhel7-nehalem/gcc-10.3.0/gcc-10.3.0-lyjz33bckrr2qoosavernb7ejm3v26fh/lib/gcc/x86_64-pc-linux-gnu/10.3.0/specs
COLLECT_GCC=/users/khalbert/installs/git/spack/opt/spack/linux-rhel7-nehalem/gcc-10.3.0/gcc-10.3.0-lyjz33bckrr2qoosavernb7ejm3v26fh/bin/gcc
COLLECT_LTO_WRAPPER=/users/khalbert/installs/git/spack/opt/spack/linux-rhel7-nehalem/gcc-10.3.0/gcc-10.3.0-lyjz33bckrr2qoosavernb7ejm3v26fh/libexec/gcc/x86_64-pc-linux-gnu/10.3.0/lto-wrapper
Target: x86_64-pc-linux-gnu
Configured with: /tmp/khalbert/spack-stage/spack-stage-gcc-10.3.0-lyjz33bckrr2qoosavernb7ejm3v26fh/spack-src/configure --prefix=/users/khalbert/installs/git/spack/opt/spack/linux-rhel7-nehalem/gcc-10.3.0/gcc-10.3.0-lyjz33bckrr2qoosavernb7ejm3v26fh --with-pkgversion='Spack GCC' --with-bugurl=https://github.com/spack/spack/issues --disable-multilib --enable-languages=c,c++,fortran,go,jit --disable-nls --disable-canonical-system-headers --with-system-zlib --with-zstd-include=/users/khalbert/installs/git/spack/opt/spack/linux-rhel7-nehalem/gcc-10.3.0/zstd-1.5.2-uwnu6iiacyfmsa2heywy2poz7ptntphw/include --with-zstd-lib=/users/khalbert/installs/git/spack/opt/spack/linux-rhel7-nehalem/gcc-10.3.0/zstd-1.5.2-uwnu6iiacyfmsa2heywy2poz7ptntphw/lib --enable-host-shared --with-gnu-ld --with-ld=/users/khalbert/installs/git/spack/opt/spack/linux-rhel7-nehalem/gcc-10.3.0/binutils-2.38-xzgat4k66roe5pn7d2f3aaepojdirkww/bin/ld --with-gnu-as --with-as=/users/khalbert/installs/git/spack/opt/spack/linux-rhel7-nehalem/gcc-10.3.0/binutils-2.38-xzgat4k66roe5pn7d2f3aaepojdirkww/bin/as --enable-bootstrap --with-mpfr-include=/users/khalbert/installs/git/spack/opt/spack/linux-rhel7-nehalem/gcc-10.3.0/mpfr-4.1.0-myphh33a7hgi77xsmwmhni4aca353k2m/include --with-mpfr-lib=/users/khalbert/installs/git/spack/opt/spack/linux-rhel7-nehalem/gcc-10.3.0/mpfr-4.1.0-myphh33a7hgi77xsmwmhni4aca353k2m/lib --with-gmp-include=/users/khalbert/installs/git/spack/opt/spack/linux-rhel7-nehalem/gcc-10.3.0/gmp-6.2.1-5qoxvarekvgwasrroachayu27qpdfzfu/include --with-gmp-lib=/users/khalbert/installs/git/spack/opt/spack/linux-rhel7-nehalem/gcc-10.3.0/gmp-6.2.1-5qoxvarekvgwasrroachayu27qpdfzfu/lib --with-mpc-include=/users/khalbert/installs/git/spack/opt/spack/linux-rhel7-nehalem/gcc-10.3.0/mpc-1.2.1-mg7le4ejr2k4owuj3n52srf34oegexiy/include --with-mpc-lib=/users/khalbert/installs/git/spack/opt/spack/linux-rhel7-nehalem/gcc-10.3.0/mpc-1.2.1-mg7le4ejr2k4owuj3n52srf34oegexiy/lib --without-isl --with-stage1-ldflags='-Wl,-rpath,/users/khalbert/installs/git/spack/opt/spack/linux-rhel7-nehalem/gcc-10.3.0/gcc-10.3.0-lyjz33bckrr2qoosavernb7ejm3v26fh/lib -Wl,-rpath,/users/khalbert/installs/git/spack/opt/spack/linux-rhel7-nehalem/gcc-10.3.0/gcc-10.3.0-lyjz33bckrr2qoosavernb7ejm3v26fh/lib64 -Wl,-rpath,/users/khalbert/installs/git/spack/opt/spack/linux-rhel7-nehalem/gcc-10.3.0/binutils-2.38-xzgat4k66roe5pn7d2f3aaepojdirkww/lib -Wl,-rpath,/users/khalbert/installs/git/spack/opt/spack/linux-rhel7-nehalem/gcc-10.3.0/gmp-6.2.1-5qoxvarekvgwasrroachayu27qpdfzfu/lib -Wl,-rpath,/users/khalbert/installs/git/spack/opt/spack/linux-rhel7-nehalem/gcc-10.3.0/mpc-1.2.1-mg7le4ejr2k4owuj3n52srf34oegexiy/lib -Wl,-rpath,/users/khalbert/installs/git/spack/opt/spack/linux-rhel7-nehalem/gcc-10.3.0/mpfr-4.1.0-myphh33a7hgi77xsmwmhni4aca353k2m/lib -Wl,-rpath,/users/khalbert/installs/git/spack/opt/spack/linux-rhel7-nehalem/gcc-10.3.0/zlib-1.2.12-jcdjapnvvgzbj3nuyxudkrto7vie4wbu/lib -Wl,-rpath,/users/khalbert/installs/git/spack/opt/spack/linux-rhel7-nehalem/gcc-10.3.0/zstd-1.5.2-uwnu6iiacyfmsa2heywy2poz7ptntphw/lib' --with-boot-ldflags='-Wl,-rpath,/users/khalbert/installs/git/spack/opt/spack/linux-rhel7-nehalem/gcc-10.3.0/gcc-10.3.0-lyjz33bckrr2qoosavernb7ejm3v26fh/lib -Wl,-rpath,/users/khalbert/installs/git/spack/opt/spack/linux-rhel7-nehalem/gcc-10.3.0/gcc-10.3.0-lyjz33bckrr2qoosavernb7ejm3v26fh/lib64 -Wl,-rpath,/users/khalbert/installs/git/spack/opt/spack/linux-rhel7-nehalem/gcc-10.3.0/binutils-2.38-xzgat4k66roe5pn7d2f3aaepojdirkww/lib -Wl,-rpath,/users/khalbert/installs/git/spack/opt/spack/linux-rhel7-nehalem/gcc-10.3.0/gmp-6.2.1-5qoxvarekvgwasrroachayu27qpdfzfu/lib -Wl,-rpath,/users/khalbert/installs/git/spack/opt/spack/linux-rhel7-nehalem/gcc-10.3.0/mpc-1.2.1-mg7le4ejr2k4owuj3n52srf34oegexiy/lib -Wl,-rpath,/users/khalbert/installs/git/spack/opt/spack/linux-rhel7-nehalem/gcc-10.3.0/mpfr-4.1.0-myphh33a7hgi77xsmwmhni4aca353k2m/lib -Wl,-rpath,/users/khalbert/installs/git/spack/opt/spack/linux-rhel7-nehalem/gcc-10.3.0/zlib-1.2.12-jcdjapnvvgzbj3nuyxudkrto7vie4wbu/lib -Wl,-rpath,/users/khalbert/installs/git/spack/opt/spack/linux-rhel7-nehalem/gcc-10.3.0/zstd-1.5.2-uwnu6iiacyfmsa2heywy2poz7ptntphw/lib -static-libstdc++ -static-libgcc' --with-build-config=spack
Thread model: posix
Supported LTO compression algorithms: zlib zstd
gcc version 10.3.0 (Spack GCC) 
COMPILER_PATH=/users/khalbert/installs/git/spack/opt/spack/linux-rhel7-nehalem/gcc-10.3.0/gcc-10.3.0-lyjz33bckrr2qoosavernb7ejm3v26fh/libexec/gcc/x86_64-pc-linux-gnu/10.3.0/:/users/khalbert/installs/git/spack/opt/spack/linux-rhel7-nehalem/gcc-10.3.0/gcc-10.3.0-lyjz33bckrr2qoosavernb7ejm3v26fh/libexec/gcc/x86_64-pc-linux-gnu/10.3.0/:/users/khalbert/installs/git/spack/opt/spack/linux-rhel7-nehalem/gcc-10.3.0/gcc-10.3.0-lyjz33bckrr2qoosavernb7ejm3v26fh/libexec/gcc/x86_64-pc-linux-gnu/:/users/khalbert/installs/git/spack/opt/spack/linux-rhel7-nehalem/gcc-10.3.0/gcc-10.3.0-lyjz33bckrr2qoosavernb7ejm3v26fh/lib/gcc/x86_64-pc-linux-gnu/10.3.0/:/users/khalbert/installs/git/spack/opt/spack/linux-rhel7-nehalem/gcc-10.3.0/gcc-10.3.0-lyjz33bckrr2qoosavernb7ejm3v26fh/lib/gcc/x86_64-pc-linux-gnu/
LIBRARY_PATH=/users/khalbert/installs/git/spack/opt/spack/linux-rhel7-nehalem/gcc-10.3.0/gcc-10.3.0-lyjz33bckrr2qoosavernb7ejm3v26fh/lib/gcc/x86_64-pc-linux-gnu/10.3.0/:/users/khalbert/installs/git/spack/opt/spack/linux-rhel7-nehalem/gcc-10.3.0/gcc-10.3.0-lyjz33bckrr2qoosavernb7ejm3v26fh/lib/gcc/x86_64-pc-linux-gnu/10.3.0/../../../../lib64/:/lib/../lib64/:/usr/lib/../lib64/:/users/khalbert/installs/git/spack/opt/spack/linux-rhel7-nehalem/gcc-10.3.0/gcc-10.3.0-lyjz33bckrr2qoosavernb7ejm3v26fh/lib/gcc/x86_64-pc-linux-gnu/10.3.0/../../../:/lib/:/usr/lib/
COLLECT_GCC_OPTIONS='-v' '-rdynamic' '-o' 'cmTC_c6b37' '-mtune=generic' '-march=x86-64'
 /users/khalbert/installs/git/spack/opt/spack/linux-rhel7-nehalem/gcc-10.3.0/gcc-10.3.0-lyjz33bckrr2qoosavernb7ejm3v26fh/libexec/gcc/x86_64-pc-linux-gnu/10.3.0/collect2 -plugin /users/khalbert/installs/git/spack/opt/spack/linux-rhel7-nehalem/gcc-10.3.0/gcc-10.3.0-lyjz33bckrr2qoosavernb7ejm3v26fh/libexec/gcc/x86_64-pc-linux-gnu/10.3.0/liblto_plugin.so -plugin-opt=/users/khalbert/installs/git/spack/opt/spack/linux-rhel7-nehalem/gcc-10.3.0/gcc-10.3.0-lyjz33bckrr2qoosavernb7ejm3v26fh/libexec/gcc/x86_64-pc-linux-gnu/10.3.0/lto-wrapper -plugin-opt=-fresolution=/tmp/ccx6iEM2.res -plugin-opt=-pass-through=-lgcc -plugin-opt=-pass-through=-lgcc_s -plugin-opt=-pass-through=-lc -plugin-opt=-pass-through=-lgcc -plugin-opt=-pass-through=-lgcc_s --eh-frame-hdr -m elf_x86_64 -export-dynamic -dynamic-linker /lib64/ld-linux-x86-64.so.2 -o cmTC_c6b37 /lib/../lib64/crt1.o /lib/../lib64/crti.o /users/khalbert/installs/git/spack/opt/spack/linux-rhel7-nehalem/gcc-10.3.0/gcc-10.3.0-lyjz33bckrr2qoosavernb7ejm3v26fh/lib/gcc/x86_64-pc-linux-gnu/10.3.0/crtbegin.o -rpath /users/khalbert/installs/git/spack/opt/spack/linux-rhel7-nehalem/gcc-10.3.0/gcc-10.3.0-lyjz33bckrr2qoosavernb7ejm3v26fh/lib:/users/khalbert/installs/git/spack/opt/spack/linux-rhel7-nehalem/gcc-10.3.0/gcc-10.3.0-lyjz33bckrr2qoosavernb7ejm3v26fh/lib64 -L/users/khalbert/installs/git/spack/opt/spack/linux-rhel7-nehalem/gcc-10.3.0/gcc-10.3.0-lyjz33bckrr2qoosavernb7ejm3v26fh/lib/gcc/x86_64-pc-linux-gnu/10.3.0 -L/users/khalbert/installs/git/spack/opt/spack/linux-rhel7-nehalem/gcc-10.3.0/gcc-10.3.0-lyjz33bckrr2qoosavernb7ejm3v26fh/lib/gcc/x86_64-pc-linux-gnu/10.3.0/../../../../lib64 -L/lib/../lib64 -L/usr/lib/../lib64 -L/users/khalbert/installs/git/spack/opt/spack/linux-rhel7-nehalem/gcc-10.3.0/gcc-10.3.0-lyjz33bckrr2qoosavernb7ejm3v26fh/lib/gcc/x86_64-pc-linux-gnu/10.3.0/../../.. CMakeFiles/cmTC_c6b37.dir/CMakeCCompilerABI.c.o -lgcc --push-state --as-needed -lgcc_s --pop-state -lc -lgcc --push-state --as-needed -lgcc_s --pop-state /users/khalbert/installs/git/spack/opt/spack/linux-rhel7-nehalem/gcc-10.3.0/gcc-10.3.0-lyjz33bckrr2qoosavernb7ejm3v26fh/lib/gcc/x86_64-pc-linux-gnu/10.3.0/crtend.o /lib/../lib64/crtn.o
COLLECT_GCC_OPTIONS='-v' '-rdynamic' '-o' 'cmTC_c6b37' '-mtune=generic' '-march=x86-64'
gmake[1]: Leaving directory `/users/khalbert/CODEBASE/NSHARP-calc/build/CMakeFiles/CMakeTmp'



Parsed C implicit include dir info from above output: rv=done
  found start of include info
  found start of implicit include info
    add: [/users/khalbert/installs/git/spack/opt/spack/linux-rhel7-nehalem/gcc-10.3.0/gcc-10.3.0-lyjz33bckrr2qoosavernb7ejm3v26fh/lib/gcc/x86_64-pc-linux-gnu/10.3.0/include]
    add: [/usr/local/include]
    add: [/users/khalbert/installs/git/spack/opt/spack/linux-rhel7-nehalem/gcc-10.3.0/gcc-10.3.0-lyjz33bckrr2qoosavernb7ejm3v26fh/include]
    add: [/users/khalbert/installs/git/spack/opt/spack/linux-rhel7-nehalem/gcc-10.3.0/gcc-10.3.0-lyjz33bckrr2qoosavernb7ejm3v26fh/lib/gcc/x86_64-pc-linux-gnu/10.3.0/include-fixed]
    add: [/usr/include]
  end of search list found
  collapse include dir [/users/khalbert/installs/git/spack/opt/spack/linux-rhel7-nehalem/gcc-10.3.0/gcc-10.3.0-lyjz33bckrr2qoosavernb7ejm3v26fh/lib/gcc/x86_64-pc-linux-gnu/10.3.0/include] ==> [/users/khalbert/installs/git/spack/opt/spack/linux-rhel7-nehalem/gcc-10.3.0/gcc-10.3.0-lyjz33bckrr2qoosavernb7ejm3v26fh/lib/gcc/x86_64-pc-linux-gnu/10.3.0/include]
  collapse include dir [/usr/local/include] ==> [/usr/local/include]
  collapse include dir [/users/khalbert/installs/git/spack/opt/spack/linux-rhel7-nehalem/gcc-10.3.0/gcc-10.3.0-lyjz33bckrr2qoosavernb7ejm3v26fh/include] ==> [/users/khalbert/installs/git/spack/opt/spack/linux-rhel7-nehalem/gcc-10.3.0/gcc-10.3.0-lyjz33bckrr2qoosavernb7ejm3v26fh/include]
  collapse include dir [/users/khalbert/installs/git/spack/opt/spack/linux-rhel7-nehalem/gcc-10.3.0/gcc-10.3.0-lyjz33bckrr2qoosavernb7ejm3v26fh/lib/gcc/x86_64-pc-linux-gnu/10.3.0/include-fixed] ==> [/users/khalbert/installs/git/spack/opt/spack/linux-rhel7-nehalem/gcc-10.3.0/gcc-10.3.0-lyjz33bckrr2qoosavernb7ejm3v26fh/lib/gcc/x86_64-pc-linux-gnu/10.3.0/include-fixed]
  collapse include dir [/usr/include] ==> [/usr/include]
  implicit include dirs: [/users/khalbert/installs/git/spack/opt/spack/linux-rhel7-nehalem/gcc-10.3.0/gcc-10.3.0-lyjz33bckrr2qoosavernb7ejm3v26fh/lib/gcc/x86_64-pc-linux-gnu/10.3.0/include;/usr/local/include;/users/khalbert/installs/git/spack/opt/spack/linux-rhel7-nehalem/gcc-10.3.0/gcc-10.3.0-lyjz33bckrr2qoosavernb7ejm3v26fh/include;/users/khalbert/installs/git/spack/opt/spack/linux-rhel7-nehalem/gcc-10.3.0/gcc-10.3.0-lyjz33bckrr2qoosavernb7ejm3v26fh/lib/gcc/x86_64-pc-linux-gnu/10.3.0/include-fixed;/usr/include]


Parsed C implicit link information from above output:
  link line regex: [^( *|.*[/\])(ld|CMAKE_LINK_STARTFILE-NOTFOUND|([^/\]+-)?ld|collect2)[^/\]*( |$)]
  ignore line: [Change Dir: /users/khalbert/CODEBASE/NSHARP-calc/build/CMakeFiles/CMakeTmp]
  ignore line: []
  ignore line: [Run Build Command(s):/usr/bin/gmake -f Makefile cmTC_c6b37/fast && /usr/bin/gmake  -f CMakeFiles/cmTC_c6b37.dir/build.make CMakeFiles/cmTC_c6b37.dir/build]
  ignore line: [gmake[1]: Entering directory `/users/khalbert/CODEBASE/NSHARP-calc/build/CMakeFiles/CMakeTmp']
  ignore line: [Building C object CMakeFiles/cmTC_c6b37.dir/CMakeCCompilerABI.c.o]
  ignore line: [/users/khalbert/installs/git/spack/opt/spack/linux-rhel7-nehalem/gcc-10.3.0/gcc-10.3.0-lyjz33bckrr2qoosavernb7ejm3v26fh/bin/gcc   -v -o CMakeFiles/cmTC_c6b37.dir/CMakeCCompilerABI.c.o -c /users/khalbert/installs/git/spack/opt/spack/linux-rhel7-nehalem/gcc-10.3.0/cmake-3.23.1-5pqvdmjkxgngw2vwc2bpzwgr4jxbdxej/share/cmake-3.23/Modules/CMakeCCompilerABI.c]
  ignore line: [Reading specs from /users/khalbert/installs/git/spack/opt/spack/linux-rhel7-nehalem/gcc-10.3.0/gcc-10.3.0-lyjz33bckrr2qoosavernb7ejm3v26fh/lib/gcc/x86_64-pc-linux-gnu/10.3.0/specs]
  ignore line: [COLLECT_GCC=/users/khalbert/installs/git/spack/opt/spack/linux-rhel7-nehalem/gcc-10.3.0/gcc-10.3.0-lyjz33bckrr2qoosavernb7ejm3v26fh/bin/gcc]
  ignore line: [Target: x86_64-pc-linux-gnu]
  ignore line: [Configured with: /tmp/khalbert/spack-stage/spack-stage-gcc-10.3.0-lyjz33bckrr2qoosavernb7ejm3v26fh/spack-src/configure --prefix=/users/khalbert/installs/git/spack/opt/spack/linux-rhel7-nehalem/gcc-10.3.0/gcc-10.3.0-lyjz33bckrr2qoosavernb7ejm3v26fh --with-pkgversion='Spack GCC' --with-bugurl=https://github.com/spack/spack/issues --disable-multilib --enable-languages=c,c++,fortran,go,jit --disable-nls --disable-canonical-system-headers --with-system-zlib --with-zstd-include=/users/khalbert/installs/git/spack/opt/spack/linux-rhel7-nehalem/gcc-10.3.0/zstd-1.5.2-uwnu6iiacyfmsa2heywy2poz7ptntphw/include --with-zstd-lib=/users/khalbert/installs/git/spack/opt/spack/linux-rhel7-nehalem/gcc-10.3.0/zstd-1.5.2-uwnu6iiacyfmsa2heywy2poz7ptntphw/lib --enable-host-shared --with-gnu-ld --with-ld=/users/khalbert/installs/git/spack/opt/spack/linux-rhel7-nehalem/gcc-10.3.0/binutils-2.38-xzgat4k66roe5pn7d2f3aaepojdirkww/bin/ld --with-gnu-as --with-as=/users/khalbert/installs/git/spack/opt/spack/linux-rhel7-nehalem/gcc-10.3.0/binutils-2.38-xzgat4k66roe5pn7d2f3aaepojdirkww/bin/as --enable-bootstrap --with-mpfr-include=/users/khalbert/installs/git/spack/opt/spack/linux-rhel7-nehalem/gcc-10.3.0/mpfr-4.1.0-myphh33a7hgi77xsmwmhni4aca353k2m/include --with-mpfr-lib=/users/khalbert/installs/git/spack/opt/spack/linux-rhel7-nehalem/gcc-10.3.0/mpfr-4.1.0-myphh33a7hgi77xsmwmhni4aca353k2m/lib --with-gmp-include=/users/khalbert/installs/git/spack/opt/spack/linux-rhel7-nehalem/gcc-10.3.0/gmp-6.2.1-5qoxvarekvgwasrroachayu27qpdfzfu/include --with-gmp-lib=/users/khalbert/installs/git/spack/opt/spack/linux-rhel7-nehalem/gcc-10.3.0/gmp-6.2.1-5qoxvarekvgwasrroachayu27qpdfzfu/lib --with-mpc-include=/users/khalbert/installs/git/spack/opt/spack/linux-rhel7-nehalem/gcc-10.3.0/mpc-1.2.1-mg7le4ejr2k4owuj3n52srf34oegexiy/include --with-mpc-lib=/users/khalbert/installs/git/spack/opt/spack/linux-rhel7-nehalem/gcc-10.3.0/mpc-1.2.1-mg7le4ejr2k4owuj3n52srf34oegexiy/lib --without-isl --with-stage1-ldflags='-Wl,-rpath,/users/khalbert/installs/git/spack/opt/spack/linux-rhel7-nehalem/gcc-10.3.0/gcc-10.3.0-lyjz33bckrr2qoosavernb7ejm3v26fh/lib -Wl,-rpath,/users/khalbert/installs/git/spack/opt/spack/linux-rhel7-nehalem/gcc-10.3.0/gcc-10.3.0-lyjz33bckrr2qoosavernb7ejm3v26fh/lib64 -Wl,-rpath,/users/khalbert/installs/git/spack/opt/spack/linux-rhel7-nehalem/gcc-10.3.0/binutils-2.38-xzgat4k66roe5pn7d2f3aaepojdirkww/lib -Wl,-rpath,/users/khalbert/installs/git/spack/opt/spack/linux-rhel7-nehalem/gcc-10.3.0/gmp-6.2.1-5qoxvarekvgwasrroachayu27qpdfzfu/lib -Wl,-rpath,/users/khalbert/installs/git/spack/opt/spack/linux-rhel7-nehalem/gcc-10.3.0/mpc-1.2.1-mg7le4ejr2k4owuj3n52srf34oegexiy/lib -Wl,-rpath,/users/khalbert/installs/git/spack/opt/spack/linux-rhel7-nehalem/gcc-10.3.0/mpfr-4.1.0-myphh33a7hgi77xsmwmhni4aca353k2m/lib -Wl,-rpath,/users/khalbert/installs/git/spack/opt/spack/linux-rhel7-nehalem/gcc-10.3.0/zlib-1.2.12-jcdjapnvvgzbj3nuyxudkrto7vie4wbu/lib -Wl,-rpath,/users/khalbert/installs/git/spack/opt/spack/linux-rhel7-nehalem/gcc-10.3.0/zstd-1.5.2-uwnu6iiacyfmsa2heywy2poz7ptntphw/lib' --with-boot-ldflags='-Wl,-rpath,/users/khalbert/installs/git/spack/opt/spack/linux-rhel7-nehalem/gcc-10.3.0/gcc-10.3.0-lyjz33bckrr2qoosavernb7ejm3v26fh/lib -Wl,-rpath,/users/khalbert/installs/git/spack/opt/spack/linux-rhel7-nehalem/gcc-10.3.0/gcc-10.3.0-lyjz33bckrr2qoosavernb7ejm3v26fh/lib64 -Wl,-rpath,/users/khalbert/installs/git/spack/opt/spack/linux-rhel7-nehalem/gcc-10.3.0/binutils-2.38-xzgat4k66roe5pn7d2f3aaepojdirkww/lib -Wl,-rpath,/users/khalbert/installs/git/spack/opt/spack/linux-rhel7-nehalem/gcc-10.3.0/gmp-6.2.1-5qoxvarekvgwasrroachayu27qpdfzfu/lib -Wl,-rpath,/users/khalbert/installs/git/spack/opt/spack/linux-rhel7-nehalem/gcc-10.3.0/mpc-1.2.1-mg7le4ejr2k4owuj3n52srf34oegexiy/lib -Wl,-rpath,/users/khalbert/installs/git/spack/opt/spack/linux-rhel7-nehalem/gcc-10.3.0/mpfr-4.1.0-myphh33a7hgi77xsmwmhni4aca353k2m/lib -Wl,-rpath,/users/khalbert/installs/git/spack/opt/spack/linux-rhel7-nehalem/gcc-10.3.0/zlib-1.2.12-jcdjapnvvgzbj3nuyxudkrto7vie4wbu/lib -Wl,-rpath,/users/khalbert/installs/git/spack/opt/spack/linux-rhel7-nehalem/gcc-10.3.0/zstd-1.5.2-uwnu6iiacyfmsa2heywy2poz7ptntphw/lib -static-libstdc++ -static-libgcc' --with-build-config=spack]
  ignore line: [Thread model: posix]
  ignore line: [Supported LTO compression algorithms: zlib zstd]
  ignore line: [gcc version 10.3.0 (Spack GCC) ]
  ignore line: [COLLECT_GCC_OPTIONS='-v' '-o' 'CMakeFiles/cmTC_c6b37.dir/CMakeCCompilerABI.c.o' '-c' '-mtune=generic' '-march=x86-64']
  ignore line: [ /users/khalbert/installs/git/spack/opt/spack/linux-rhel7-nehalem/gcc-10.3.0/gcc-10.3.0-lyjz33bckrr2qoosavernb7ejm3v26fh/libexec/gcc/x86_64-pc-linux-gnu/10.3.0/cc1 -quiet -v /users/khalbert/installs/git/spack/opt/spack/linux-rhel7-nehalem/gcc-10.3.0/cmake-3.23.1-5pqvdmjkxgngw2vwc2bpzwgr4jxbdxej/share/cmake-3.23/Modules/CMakeCCompilerABI.c -quiet -dumpbase CMakeCCompilerABI.c -mtune=generic -march=x86-64 -auxbase-strip CMakeFiles/cmTC_c6b37.dir/CMakeCCompilerABI.c.o -version -o /tmp/ccIC0lqV.s]
  ignore line: [GNU C17 (Spack GCC) version 10.3.0 (x86_64-pc-linux-gnu)]
  ignore line: [	compiled by GNU C version 10.3.0  GMP version 6.2.1  MPFR version 4.1.0  MPC version 1.2.1  isl version none]
  ignore line: [GGC heuristics: --param ggc-min-expand=100 --param ggc-min-heapsize=131072]
  ignore line: [ignoring nonexistent directory "/users/khalbert/installs/git/spack/opt/spack/linux-rhel7-nehalem/gcc-10.3.0/gcc-10.3.0-lyjz33bckrr2qoosavernb7ejm3v26fh/lib/gcc/x86_64-pc-linux-gnu/10.3.0/../../../../x86_64-pc-linux-gnu/include"]
  ignore line: [#include "..." search starts here:]
  ignore line: [#include <...> search starts here:]
  ignore line: [ /users/khalbert/installs/git/spack/opt/spack/linux-rhel7-nehalem/gcc-10.3.0/gcc-10.3.0-lyjz33bckrr2qoosavernb7ejm3v26fh/lib/gcc/x86_64-pc-linux-gnu/10.3.0/include]
  ignore line: [ /usr/local/include]
  ignore line: [ /users/khalbert/installs/git/spack/opt/spack/linux-rhel7-nehalem/gcc-10.3.0/gcc-10.3.0-lyjz33bckrr2qoosavernb7ejm3v26fh/include]
  ignore line: [ /users/khalbert/installs/git/spack/opt/spack/linux-rhel7-nehalem/gcc-10.3.0/gcc-10.3.0-lyjz33bckrr2qoosavernb7ejm3v26fh/lib/gcc/x86_64-pc-linux-gnu/10.3.0/include-fixed]
  ignore line: [ /usr/include]
  ignore line: [End of search list.]
  ignore line: [GNU C17 (Spack GCC) version 10.3.0 (x86_64-pc-linux-gnu)]
  ignore line: [	compiled by GNU C version 10.3.0  GMP version 6.2.1  MPFR version 4.1.0  MPC version 1.2.1  isl version none]
  ignore line: [GGC heuristics: --param ggc-min-expand=100 --param ggc-min-heapsize=131072]
  ignore line: [Compiler executable checksum: ee1431d3f6ae79e8b207291752e2ba2a]
  ignore line: [COLLECT_GCC_OPTIONS='-v' '-o' 'CMakeFiles/cmTC_c6b37.dir/CMakeCCompilerABI.c.o' '-c' '-mtune=generic' '-march=x86-64']
  ignore line: [ /users/khalbert/installs/git/spack/opt/spack/linux-rhel7-nehalem/gcc-10.3.0/binutils-2.38-xzgat4k66roe5pn7d2f3aaepojdirkww/bin/as -v --64 -o CMakeFiles/cmTC_c6b37.dir/CMakeCCompilerABI.c.o /tmp/ccIC0lqV.s]
  ignore line: [GNU assembler version 2.38 (x86_64-pc-linux-gnu) using BFD version (GNU Binutils) 2.38]
  ignore line: [COMPILER_PATH=/users/khalbert/installs/git/spack/opt/spack/linux-rhel7-nehalem/gcc-10.3.0/gcc-10.3.0-lyjz33bckrr2qoosavernb7ejm3v26fh/libexec/gcc/x86_64-pc-linux-gnu/10.3.0/:/users/khalbert/installs/git/spack/opt/spack/linux-rhel7-nehalem/gcc-10.3.0/gcc-10.3.0-lyjz33bckrr2qoosavernb7ejm3v26fh/libexec/gcc/x86_64-pc-linux-gnu/10.3.0/:/users/khalbert/installs/git/spack/opt/spack/linux-rhel7-nehalem/gcc-10.3.0/gcc-10.3.0-lyjz33bckrr2qoosavernb7ejm3v26fh/libexec/gcc/x86_64-pc-linux-gnu/:/users/khalbert/installs/git/spack/opt/spack/linux-rhel7-nehalem/gcc-10.3.0/gcc-10.3.0-lyjz33bckrr2qoosavernb7ejm3v26fh/lib/gcc/x86_64-pc-linux-gnu/10.3.0/:/users/khalbert/installs/git/spack/opt/spack/linux-rhel7-nehalem/gcc-10.3.0/gcc-10.3.0-lyjz33bckrr2qoosavernb7ejm3v26fh/lib/gcc/x86_64-pc-linux-gnu/]
  ignore line: [LIBRARY_PATH=/users/khalbert/installs/git/spack/opt/spack/linux-rhel7-nehalem/gcc-10.3.0/gcc-10.3.0-lyjz33bckrr2qoosavernb7ejm3v26fh/lib/gcc/x86_64-pc-linux-gnu/10.3.0/:/users/khalbert/installs/git/spack/opt/spack/linux-rhel7-nehalem/gcc-10.3.0/gcc-10.3.0-lyjz33bckrr2qoosavernb7ejm3v26fh/lib/gcc/x86_64-pc-linux-gnu/10.3.0/../../../../lib64/:/lib/../lib64/:/usr/lib/../lib64/:/users/khalbert/installs/git/spack/opt/spack/linux-rhel7-nehalem/gcc-10.3.0/gcc-10.3.0-lyjz33bckrr2qoosavernb7ejm3v26fh/lib/gcc/x86_64-pc-linux-gnu/10.3.0/../../../:/lib/:/usr/lib/]
  ignore line: [COLLECT_GCC_OPTIONS='-v' '-o' 'CMakeFiles/cmTC_c6b37.dir/CMakeCCompilerABI.c.o' '-c' '-mtune=generic' '-march=x86-64']
  ignore line: [Linking C executable cmTC_c6b37]
  ignore line: [/users/khalbert/installs/git/spack/opt/spack/linux-rhel7-nehalem/gcc-10.3.0/cmake-3.23.1-5pqvdmjkxgngw2vwc2bpzwgr4jxbdxej/bin/cmake -E cmake_link_script CMakeFiles/cmTC_c6b37.dir/link.txt --verbose=1]
  ignore line: [/users/khalbert/installs/git/spack/opt/spack/linux-rhel7-nehalem/gcc-10.3.0/gcc-10.3.0-lyjz33bckrr2qoosavernb7ejm3v26fh/bin/gcc  -v -rdynamic CMakeFiles/cmTC_c6b37.dir/CMakeCCompilerABI.c.o -o cmTC_c6b37 ]
  ignore line: [Reading specs from /users/khalbert/installs/git/spack/opt/spack/linux-rhel7-nehalem/gcc-10.3.0/gcc-10.3.0-lyjz33bckrr2qoosavernb7ejm3v26fh/lib/gcc/x86_64-pc-linux-gnu/10.3.0/specs]
  ignore line: [COLLECT_GCC=/users/khalbert/installs/git/spack/opt/spack/linux-rhel7-nehalem/gcc-10.3.0/gcc-10.3.0-lyjz33bckrr2qoosavernb7ejm3v26fh/bin/gcc]
  ignore line: [COLLECT_LTO_WRAPPER=/users/khalbert/installs/git/spack/opt/spack/linux-rhel7-nehalem/gcc-10.3.0/gcc-10.3.0-lyjz33bckrr2qoosavernb7ejm3v26fh/libexec/gcc/x86_64-pc-linux-gnu/10.3.0/lto-wrapper]
  ignore line: [Target: x86_64-pc-linux-gnu]
  ignore line: [Configured with: /tmp/khalbert/spack-stage/spack-stage-gcc-10.3.0-lyjz33bckrr2qoosavernb7ejm3v26fh/spack-src/configure --prefix=/users/khalbert/installs/git/spack/opt/spack/linux-rhel7-nehalem/gcc-10.3.0/gcc-10.3.0-lyjz33bckrr2qoosavernb7ejm3v26fh --with-pkgversion='Spack GCC' --with-bugurl=https://github.com/spack/spack/issues --disable-multilib --enable-languages=c,c++,fortran,go,jit --disable-nls --disable-canonical-system-headers --with-system-zlib --with-zstd-include=/users/khalbert/installs/git/spack/opt/spack/linux-rhel7-nehalem/gcc-10.3.0/zstd-1.5.2-uwnu6iiacyfmsa2heywy2poz7ptntphw/include --with-zstd-lib=/users/khalbert/installs/git/spack/opt/spack/linux-rhel7-nehalem/gcc-10.3.0/zstd-1.5.2-uwnu6iiacyfmsa2heywy2poz7ptntphw/lib --enable-host-shared --with-gnu-ld --with-ld=/users/khalbert/installs/git/spack/opt/spack/linux-rhel7-nehalem/gcc-10.3.0/binutils-2.38-xzgat4k66roe5pn7d2f3aaepojdirkww/bin/ld --with-gnu-as --with-as=/users/khalbert/installs/git/spack/opt/spack/linux-rhel7-nehalem/gcc-10.3.0/binutils-2.38-xzgat4k66roe5pn7d2f3aaepojdirkww/bin/as --enable-bootstrap --with-mpfr-include=/users/khalbert/installs/git/spack/opt/spack/linux-rhel7-nehalem/gcc-10.3.0/mpfr-4.1.0-myphh33a7hgi77xsmwmhni4aca353k2m/include --with-mpfr-lib=/users/khalbert/installs/git/spack/opt/spack/linux-rhel7-nehalem/gcc-10.3.0/mpfr-4.1.0-myphh33a7hgi77xsmwmhni4aca353k2m/lib --with-gmp-include=/users/khalbert/installs/git/spack/opt/spack/linux-rhel7-nehalem/gcc-10.3.0/gmp-6.2.1-5qoxvarekvgwasrroachayu27qpdfzfu/include --with-gmp-lib=/users/khalbert/installs/git/spack/opt/spack/linux-rhel7-nehalem/gcc-10.3.0/gmp-6.2.1-5qoxvarekvgwasrroachayu27qpdfzfu/lib --with-mpc-include=/users/khalbert/installs/git/spack/opt/spack/linux-rhel7-nehalem/gcc-10.3.0/mpc-1.2.1-mg7le4ejr2k4owuj3n52srf34oegexiy/include --with-mpc-lib=/users/khalbert/installs/git/spack/opt/spack/linux-rhel7-nehalem/gcc-10.3.0/mpc-1.2.1-mg7le4ejr2k4owuj3n52srf34oegexiy/lib --without-isl --with-stage1-ldflags='-Wl,-rpath,/users/khalbert/installs/git/spack/opt/spack/linux-rhel7-nehalem/gcc-10.3.0/gcc-10.3.0-lyjz33bckrr2qoosavernb7ejm3v26fh/lib -Wl,-rpath,/users/khalbert/installs/git/spack/opt/spack/linux-rhel7-nehalem/gcc-10.3.0/gcc-10.3.0-lyjz33bckrr2qoosavernb7ejm3v26fh/lib64 -Wl,-rpath,/users/khalbert/installs/git/spack/opt/spack/linux-rhel7-nehalem/gcc-10.3.0/binutils-2.38-xzgat4k66roe5pn7d2f3aaepojdirkww/lib -Wl,-rpath,/users/khalbert/installs/git/spack/opt/spack/linux-rhel7-nehalem/gcc-10.3.0/gmp-6.2.1-5qoxvarekvgwasrroachayu27qpdfzfu/lib -Wl,-rpath,/users/khalbert/installs/git/spack/opt/spack/linux-rhel7-nehalem/gcc-10.3.0/mpc-1.2.1-mg7le4ejr2k4owuj3n52srf34oegexiy/lib -Wl,-rpath,/users/khalbert/installs/git/spack/opt/spack/linux-rhel7-nehalem/gcc-10.3.0/mpfr-4.1.0-myphh33a7hgi77xsmwmhni4aca353k2m/lib -Wl,-rpath,/users/khalbert/installs/git/spack/opt/spack/linux-rhel7-nehalem/gcc-10.3.0/zlib-1.2.12-jcdjapnvvgzbj3nuyxudkrto7vie4wbu/lib -Wl,-rpath,/users/khalbert/installs/git/spack/opt/spack/linux-rhel7-nehalem/gcc-10.3.0/zstd-1.5.2-uwnu6iiacyfmsa2heywy2poz7ptntphw/lib' --with-boot-ldflags='-Wl,-rpath,/users/khalbert/installs/git/spack/opt/spack/linux-rhel7-nehalem/gcc-10.3.0/gcc-10.3.0-lyjz33bckrr2qoosavernb7ejm3v26fh/lib -Wl,-rpath,/users/khalbert/installs/git/spack/opt/spack/linux-rhel7-nehalem/gcc-10.3.0/gcc-10.3.0-lyjz33bckrr2qoosavernb7ejm3v26fh/lib64 -Wl,-rpath,/users/khalbert/installs/git/spack/opt/spack/linux-rhel7-nehalem/gcc-10.3.0/binutils-2.38-xzgat4k66roe5pn7d2f3aaepojdirkww/lib -Wl,-rpath,/users/khalbert/installs/git/spack/opt/spack/linux-rhel7-nehalem/gcc-10.3.0/gmp-6.2.1-5qoxvarekvgwasrroachayu27qpdfzfu/lib -Wl,-rpath,/users/khalbert/installs/git/spack/opt/spack/linux-rhel7-nehalem/gcc-10.3.0/mpc-1.2.1-mg7le4ejr2k4owuj3n52srf34oegexiy/lib -Wl,-rpath,/users/khalbert/installs/git/spack/opt/spack/linux-rhel7-nehalem/gcc-10.3.0/mpfr-4.1.0-myphh33a7hgi77xsmwmhni4aca353k2m/lib -Wl,-rpath,/users/khalbert/installs/git/spack/opt/spack/linux-rhel7-nehalem/gcc-10.3.0/zlib-1.2.12-jcdjapnvvgzbj3nuyxudkrto7vie4wbu/lib -Wl,-rpath,/users/khalbert/installs/git/spack/opt/spack/linux-rhel7-nehalem/gcc-10.3.0/zstd-1.5.2-uwnu6iiacyfmsa2heywy2poz7ptntphw/lib -static-libstdc++ -static-libgcc' --with-build-config=spack]
  ignore line: [Thread model: posix]
  ignore line: [Supported LTO compression algorithms: zlib zstd]
  ignore line: [gcc version 10.3.0 (Spack GCC) ]
  ignore line: [COMPILER_PATH=/users/khalbert/installs/git/spack/opt/spack/linux-rhel7-nehalem/gcc-10.3.0/gcc-10.3.0-lyjz33bckrr2qoosavernb7ejm3v26fh/libexec/gcc/x86_64-pc-linux-gnu/10.3.0/:/users/khalbert/installs/git/spack/opt/spack/linux-rhel7-nehalem/gcc-10.3.0/gcc-10.3.0-lyjz33bckrr2qoosavernb7ejm3v26fh/libexec/gcc/x86_64-pc-linux-gnu/10.3.0/:/users/khalbert/installs/git/spack/opt/spack/linux-rhel7-nehalem/gcc-10.3.0/gcc-10.3.0-lyjz33bckrr2qoosavernb7ejm3v26fh/libexec/gcc/x86_64-pc-linux-gnu/:/users/khalbert/installs/git/spack/opt/spack/linux-rhel7-nehalem/gcc-10.3.0/gcc-10.3.0-lyjz33bckrr2qoosavernb7ejm3v26fh/lib/gcc/x86_64-pc-linux-gnu/10.3.0/:/users/khalbert/installs/git/spack/opt/spack/linux-rhel7-nehalem/gcc-10.3.0/gcc-10.3.0-lyjz33bckrr2qoosavernb7ejm3v26fh/lib/gcc/x86_64-pc-linux-gnu/]
  ignore line: [LIBRARY_PATH=/users/khalbert/installs/git/spack/opt/spack/linux-rhel7-nehalem/gcc-10.3.0/gcc-10.3.0-lyjz33bckrr2qoosavernb7ejm3v26fh/lib/gcc/x86_64-pc-linux-gnu/10.3.0/:/users/khalbert/installs/git/spack/opt/spack/linux-rhel7-nehalem/gcc-10.3.0/gcc-10.3.0-lyjz33bckrr2qoosavernb7ejm3v26fh/lib/gcc/x86_64-pc-linux-gnu/10.3.0/../../../../lib64/:/lib/../lib64/:/usr/lib/../lib64/:/users/khalbert/installs/git/spack/opt/spack/linux-rhel7-nehalem/gcc-10.3.0/gcc-10.3.0-lyjz33bckrr2qoosavernb7ejm3v26fh/lib/gcc/x86_64-pc-linux-gnu/10.3.0/../../../:/lib/:/usr/lib/]
  ignore line: [COLLECT_GCC_OPTIONS='-v' '-rdynamic' '-o' 'cmTC_c6b37' '-mtune=generic' '-march=x86-64']
  link line: [ /users/khalbert/installs/git/spack/opt/spack/linux-rhel7-nehalem/gcc-10.3.0/gcc-10.3.0-lyjz33bckrr2qoosavernb7ejm3v26fh/libexec/gcc/x86_64-pc-linux-gnu/10.3.0/collect2 -plugin /users/khalbert/installs/git/spack/opt/spack/linux-rhel7-nehalem/gcc-10.3.0/gcc-10.3.0-lyjz33bckrr2qoosavernb7ejm3v26fh/libexec/gcc/x86_64-pc-linux-gnu/10.3.0/liblto_plugin.so -plugin-opt=/users/khalbert/installs/git/spack/opt/spack/linux-rhel7-nehalem/gcc-10.3.0/gcc-10.3.0-lyjz33bckrr2qoosavernb7ejm3v26fh/libexec/gcc/x86_64-pc-linux-gnu/10.3.0/lto-wrapper -plugin-opt=-fresolution=/tmp/ccx6iEM2.res -plugin-opt=-pass-through=-lgcc -plugin-opt=-pass-through=-lgcc_s -plugin-opt=-pass-through=-lc -plugin-opt=-pass-through=-lgcc -plugin-opt=-pass-through=-lgcc_s --eh-frame-hdr -m elf_x86_64 -export-dynamic -dynamic-linker /lib64/ld-linux-x86-64.so.2 -o cmTC_c6b37 /lib/../lib64/crt1.o /lib/../lib64/crti.o /users/khalbert/installs/git/spack/opt/spack/linux-rhel7-nehalem/gcc-10.3.0/gcc-10.3.0-lyjz33bckrr2qoosavernb7ejm3v26fh/lib/gcc/x86_64-pc-linux-gnu/10.3.0/crtbegin.o -rpath /users/khalbert/installs/git/spack/opt/spack/linux-rhel7-nehalem/gcc-10.3.0/gcc-10.3.0-lyjz33bckrr2qoosavernb7ejm3v26fh/lib:/users/khalbert/installs/git/spack/opt/spack/linux-rhel7-nehalem/gcc-10.3.0/gcc-10.3.0-lyjz33bckrr2qoosavernb7ejm3v26fh/lib64 -L/users/khalbert/installs/git/spack/opt/spack/linux-rhel7-nehalem/gcc-10.3.0/gcc-10.3.0-lyjz33bckrr2qoosavernb7ejm3v26fh/lib/gcc/x86_64-pc-linux-gnu/10.3.0 -L/users/khalbert/installs/git/spack/opt/spack/linux-rhel7-nehalem/gcc-10.3.0/gcc-10.3.0-lyjz33bckrr2qoosavernb7ejm3v26fh/lib/gcc/x86_64-pc-linux-gnu/10.3.0/../../../../lib64 -L/lib/../lib64 -L/usr/lib/../lib64 -L/users/khalbert/installs/git/spack/opt/spack/linux-rhel7-nehalem/gcc-10.3.0/gcc-10.3.0-lyjz33bckrr2qoosavernb7ejm3v26fh/lib/gcc/x86_64-pc-linux-gnu/10.3.0/../../.. CMakeFiles/cmTC_c6b37.dir/CMakeCCompilerABI.c.o -lgcc --push-state --as-needed -lgcc_s --pop-state -lc -lgcc --push-state --as-needed -lgcc_s --pop-state /users/khalbert/installs/git/spack/opt/spack/linux-rhel7-nehalem/gcc-10.3.0/gcc-10.3.0-lyjz33bckrr2qoosavernb7ejm3v26fh/lib/gcc/x86_64-pc-linux-gnu/10.3.0/crtend.o /lib/../lib64/crtn.o]
    arg [/users/khalbert/installs/git/spack/opt/spack/linux-rhel7-nehalem/gcc-10.3.0/gcc-10.3.0-lyjz33bckrr2qoosavernb7ejm3v26fh/libexec/gcc/x86_64-pc-linux-gnu/10.3.0/collect2] ==> ignore
    arg [-plugin] ==> ignore
    arg [/users/khalbert/installs/git/spack/opt/spack/linux-rhel7-nehalem/gcc-10.3.0/gcc-10.3.0-lyjz33bckrr2qoosavernb7ejm3v26fh/libexec/gcc/x86_64-pc-linux-gnu/10.3.0/liblto_plugin.so] ==> ignore
    arg [-plugin-opt=/users/khalbert/installs/git/spack/opt/spack/linux-rhel7-nehalem/gcc-10.3.0/gcc-10.3.0-lyjz33bckrr2qoosavernb7ejm3v26fh/libexec/gcc/x86_64-pc-linux-gnu/10.3.0/lto-wrapper] ==> ignore
    arg [-plugin-opt=-fresolution=/tmp/ccx6iEM2.res] ==> ignore
    arg [-plugin-opt=-pass-through=-lgcc] ==> ignore
    arg [-plugin-opt=-pass-through=-lgcc_s] ==> ignore
    arg [-plugin-opt=-pass-through=-lc] ==> ignore
    arg [-plugin-opt=-pass-through=-lgcc] ==> ignore
    arg [-plugin-opt=-pass-through=-lgcc_s] ==> ignore
    arg [--eh-frame-hdr] ==> ignore
    arg [-m] ==> ignore
    arg [elf_x86_64] ==> ignore
    arg [-export-dynamic] ==> ignore
    arg [-dynamic-linker] ==> ignore
    arg [/lib64/ld-linux-x86-64.so.2] ==> ignore
    arg [-o] ==> ignore
    arg [cmTC_c6b37] ==> ignore
    arg [/lib/../lib64/crt1.o] ==> obj [/lib/../lib64/crt1.o]
    arg [/lib/../lib64/crti.o] ==> obj [/lib/../lib64/crti.o]
    arg [/users/khalbert/installs/git/spack/opt/spack/linux-rhel7-nehalem/gcc-10.3.0/gcc-10.3.0-lyjz33bckrr2qoosavernb7ejm3v26fh/lib/gcc/x86_64-pc-linux-gnu/10.3.0/crtbegin.o] ==> obj [/users/khalbert/installs/git/spack/opt/spack/linux-rhel7-nehalem/gcc-10.3.0/gcc-10.3.0-lyjz33bckrr2qoosavernb7ejm3v26fh/lib/gcc/x86_64-pc-linux-gnu/10.3.0/crtbegin.o]
    arg [-rpath] ==> ignore
    arg [/users/khalbert/installs/git/spack/opt/spack/linux-rhel7-nehalem/gcc-10.3.0/gcc-10.3.0-lyjz33bckrr2qoosavernb7ejm3v26fh/lib:/users/khalbert/installs/git/spack/opt/spack/linux-rhel7-nehalem/gcc-10.3.0/gcc-10.3.0-lyjz33bckrr2qoosavernb7ejm3v26fh/lib64] ==> ignore
    arg [-L/users/khalbert/installs/git/spack/opt/spack/linux-rhel7-nehalem/gcc-10.3.0/gcc-10.3.0-lyjz33bckrr2qoosavernb7ejm3v26fh/lib/gcc/x86_64-pc-linux-gnu/10.3.0] ==> dir [/users/khalbert/installs/git/spack/opt/spack/linux-rhel7-nehalem/gcc-10.3.0/gcc-10.3.0-lyjz33bckrr2qoosavernb7ejm3v26fh/lib/gcc/x86_64-pc-linux-gnu/10.3.0]
    arg [-L/users/khalbert/installs/git/spack/opt/spack/linux-rhel7-nehalem/gcc-10.3.0/gcc-10.3.0-lyjz33bckrr2qoosavernb7ejm3v26fh/lib/gcc/x86_64-pc-linux-gnu/10.3.0/../../../../lib64] ==> dir [/users/khalbert/installs/git/spack/opt/spack/linux-rhel7-nehalem/gcc-10.3.0/gcc-10.3.0-lyjz33bckrr2qoosavernb7ejm3v26fh/lib/gcc/x86_64-pc-linux-gnu/10.3.0/../../../../lib64]
    arg [-L/lib/../lib64] ==> dir [/lib/../lib64]
    arg [-L/usr/lib/../lib64] ==> dir [/usr/lib/../lib64]
    arg [-L/users/khalbert/installs/git/spack/opt/spack/linux-rhel7-nehalem/gcc-10.3.0/gcc-10.3.0-lyjz33bckrr2qoosavernb7ejm3v26fh/lib/gcc/x86_64-pc-linux-gnu/10.3.0/../../..] ==> dir [/users/khalbert/installs/git/spack/opt/spack/linux-rhel7-nehalem/gcc-10.3.0/gcc-10.3.0-lyjz33bckrr2qoosavernb7ejm3v26fh/lib/gcc/x86_64-pc-linux-gnu/10.3.0/../../..]
    arg [CMakeFiles/cmTC_c6b37.dir/CMakeCCompilerABI.c.o] ==> ignore
    arg [-lgcc] ==> lib [gcc]
    arg [--push-state] ==> ignore
    arg [--as-needed] ==> ignore
    arg [-lgcc_s] ==> lib [gcc_s]
    arg [--pop-state] ==> ignore
    arg [-lc] ==> lib [c]
    arg [-lgcc] ==> lib [gcc]
    arg [--push-state] ==> ignore
    arg [--as-needed] ==> ignore
    arg [-lgcc_s] ==> lib [gcc_s]
    arg [--pop-state] ==> ignore
    arg [/users/khalbert/installs/git/spack/opt/spack/linux-rhel7-nehalem/gcc-10.3.0/gcc-10.3.0-lyjz33bckrr2qoosavernb7ejm3v26fh/lib/gcc/x86_64-pc-linux-gnu/10.3.0/crtend.o] ==> obj [/users/khalbert/installs/git/spack/opt/spack/linux-rhel7-nehalem/gcc-10.3.0/gcc-10.3.0-lyjz33bckrr2qoosavernb7ejm3v26fh/lib/gcc/x86_64-pc-linux-gnu/10.3.0/crtend.o]
    arg [/lib/../lib64/crtn.o] ==> obj [/lib/../lib64/crtn.o]
  collapse obj [/lib/../lib64/crt1.o] ==> [/lib64/crt1.o]
  collapse obj [/lib/../lib64/crti.o] ==> [/lib64/crti.o]
  collapse obj [/lib/../lib64/crtn.o] ==> [/lib64/crtn.o]
  collapse library dir [/users/khalbert/installs/git/spack/opt/spack/linux-rhel7-nehalem/gcc-10.3.0/gcc-10.3.0-lyjz33bckrr2qoosavernb7ejm3v26fh/lib/gcc/x86_64-pc-linux-gnu/10.3.0] ==> [/users/khalbert/installs/git/spack/opt/spack/linux-rhel7-nehalem/gcc-10.3.0/gcc-10.3.0-lyjz33bckrr2qoosavernb7ejm3v26fh/lib/gcc/x86_64-pc-linux-gnu/10.3.0]
  collapse library dir [/users/khalbert/installs/git/spack/opt/spack/linux-rhel7-nehalem/gcc-10.3.0/gcc-10.3.0-lyjz33bckrr2qoosavernb7ejm3v26fh/lib/gcc/x86_64-pc-linux-gnu/10.3.0/../../../../lib64] ==> [/users/khalbert/installs/git/spack/opt/spack/linux-rhel7-nehalem/gcc-10.3.0/gcc-10.3.0-lyjz33bckrr2qoosavernb7ejm3v26fh/lib64]
  collapse library dir [/lib/../lib64] ==> [/lib64]
  collapse library dir [/usr/lib/../lib64] ==> [/usr/lib64]
  collapse library dir [/users/khalbert/installs/git/spack/opt/spack/linux-rhel7-nehalem/gcc-10.3.0/gcc-10.3.0-lyjz33bckrr2qoosavernb7ejm3v26fh/lib/gcc/x86_64-pc-linux-gnu/10.3.0/../../..] ==> [/users/khalbert/installs/git/spack/opt/spack/linux-rhel7-nehalem/gcc-10.3.0/gcc-10.3.0-lyjz33bckrr2qoosavernb7ejm3v26fh/lib]
  implicit libs: [gcc;gcc_s;c;gcc;gcc_s]
  implicit objs: [/lib64/crt1.o;/lib64/crti.o;/users/khalbert/installs/git/spack/opt/spack/linux-rhel7-nehalem/gcc-10.3.0/gcc-10.3.0-lyjz33bckrr2qoosavernb7ejm3v26fh/lib/gcc/x86_64-pc-linux-gnu/10.3.0/crtbegin.o;/users/khalbert/installs/git/spack/opt/spack/linux-rhel7-nehalem/gcc-10.3.0/gcc-10.3.0-lyjz33bckrr2qoosavernb7ejm3v26fh/lib/gcc/x86_64-pc-linux-gnu/10.3.0/crtend.o;/lib64/crtn.o]
  implicit dirs: [/users/khalbert/installs/git/spack/opt/spack/linux-rhel7-nehalem/gcc-10.3.0/gcc-10.3.0-lyjz33bckrr2qoosavernb7ejm3v26fh/lib/gcc/x86_64-pc-linux-gnu/10.3.0;/users/khalbert/installs/git/spack/opt/spack/linux-rhel7-nehalem/gcc-10.3.0/gcc-10.3.0-lyjz33bckrr2qoosavernb7ejm3v26fh/lib64;/lib64;/usr/lib64;/users/khalbert/installs/git/spack/opt/spack/linux-rhel7-nehalem/gcc-10.3.0/gcc-10.3.0-lyjz33bckrr2qoosavernb7ejm3v26fh/lib]
  implicit fwks: []


Detecting CXX compiler ABI info compiled with the following output:
Change Dir: /users/khalbert/CODEBASE/NSHARP-calc/build/CMakeFiles/CMakeTmp

Run Build Command(s):/usr/bin/gmake -f Makefile cmTC_a73af/fast && /usr/bin/gmake  -f CMakeFiles/cmTC_a73af.dir/build.make CMakeFiles/cmTC_a73af.dir/build
gmake[1]: Entering directory `/users/khalbert/CODEBASE/NSHARP-calc/build/CMakeFiles/CMakeTmp'
Building CXX object CMakeFiles/cmTC_a73af.dir/CMakeCXXCompilerABI.cpp.o
/users/khalbert/installs/git/spack/opt/spack/linux-rhel7-nehalem/gcc-10.3.0/gcc-10.3.0-lyjz33bckrr2qoosavernb7ejm3v26fh/bin/g++   -v -o CMakeFiles/cmTC_a73af.dir/CMakeCXXCompilerABI.cpp.o -c /users/khalbert/installs/git/spack/opt/spack/linux-rhel7-nehalem/gcc-10.3.0/cmake-3.23.1-5pqvdmjkxgngw2vwc2bpzwgr4jxbdxej/share/cmake-3.23/Modules/CMakeCXXCompilerABI.cpp
Reading specs from /users/khalbert/installs/git/spack/opt/spack/linux-rhel7-nehalem/gcc-10.3.0/gcc-10.3.0-lyjz33bckrr2qoosavernb7ejm3v26fh/lib/gcc/x86_64-pc-linux-gnu/10.3.0/specs
COLLECT_GCC=/users/khalbert/installs/git/spack/opt/spack/linux-rhel7-nehalem/gcc-10.3.0/gcc-10.3.0-lyjz33bckrr2qoosavernb7ejm3v26fh/bin/g++
Target: x86_64-pc-linux-gnu
Configured with: /tmp/khalbert/spack-stage/spack-stage-gcc-10.3.0-lyjz33bckrr2qoosavernb7ejm3v26fh/spack-src/configure --prefix=/users/khalbert/installs/git/spack/opt/spack/linux-rhel7-nehalem/gcc-10.3.0/gcc-10.3.0-lyjz33bckrr2qoosavernb7ejm3v26fh --with-pkgversion='Spack GCC' --with-bugurl=https://github.com/spack/spack/issues --disable-multilib --enable-languages=c,c++,fortran,go,jit --disable-nls --disable-canonical-system-headers --with-system-zlib --with-zstd-include=/users/khalbert/installs/git/spack/opt/spack/linux-rhel7-nehalem/gcc-10.3.0/zstd-1.5.2-uwnu6iiacyfmsa2heywy2poz7ptntphw/include --with-zstd-lib=/users/khalbert/installs/git/spack/opt/spack/linux-rhel7-nehalem/gcc-10.3.0/zstd-1.5.2-uwnu6iiacyfmsa2heywy2poz7ptntphw/lib --enable-host-shared --with-gnu-ld --with-ld=/users/khalbert/installs/git/spack/opt/spack/linux-rhel7-nehalem/gcc-10.3.0/binutils-2.38-xzgat4k66roe5pn7d2f3aaepojdirkww/bin/ld --with-gnu-as --with-as=/users/khalbert/installs/git/spack/opt/spack/linux-rhel7-nehalem/gcc-10.3.0/binutils-2.38-xzgat4k66roe5pn7d2f3aaepojdirkww/bin/as --enable-bootstrap --with-mpfr-include=/users/khalbert/installs/git/spack/opt/spack/linux-rhel7-nehalem/gcc-10.3.0/mpfr-4.1.0-myphh33a7hgi77xsmwmhni4aca353k2m/include --with-mpfr-lib=/users/khalbert/installs/git/spack/opt/spack/linux-rhel7-nehalem/gcc-10.3.0/mpfr-4.1.0-myphh33a7hgi77xsmwmhni4aca353k2m/lib --with-gmp-include=/users/khalbert/installs/git/spack/opt/spack/linux-rhel7-nehalem/gcc-10.3.0/gmp-6.2.1-5qoxvarekvgwasrroachayu27qpdfzfu/include --with-gmp-lib=/users/khalbert/installs/git/spack/opt/spack/linux-rhel7-nehalem/gcc-10.3.0/gmp-6.2.1-5qoxvarekvgwasrroachayu27qpdfzfu/lib --with-mpc-include=/users/khalbert/installs/git/spack/opt/spack/linux-rhel7-nehalem/gcc-10.3.0/mpc-1.2.1-mg7le4ejr2k4owuj3n52srf34oegexiy/include --with-mpc-lib=/users/khalbert/installs/git/spack/opt/spack/linux-rhel7-nehalem/gcc-10.3.0/mpc-1.2.1-mg7le4ejr2k4owuj3n52srf34oegexiy/lib --without-isl --with-stage1-ldflags='-Wl,-rpath,/users/khalbert/installs/git/spack/opt/spack/linux-rhel7-nehalem/gcc-10.3.0/gcc-10.3.0-lyjz33bckrr2qoosavernb7ejm3v26fh/lib -Wl,-rpath,/users/khalbert/installs/git/spack/opt/spack/linux-rhel7-nehalem/gcc-10.3.0/gcc-10.3.0-lyjz33bckrr2qoosavernb7ejm3v26fh/lib64 -Wl,-rpath,/users/khalbert/installs/git/spack/opt/spack/linux-rhel7-nehalem/gcc-10.3.0/binutils-2.38-xzgat4k66roe5pn7d2f3aaepojdirkww/lib -Wl,-rpath,/users/khalbert/installs/git/spack/opt/spack/linux-rhel7-nehalem/gcc-10.3.0/gmp-6.2.1-5qoxvarekvgwasrroachayu27qpdfzfu/lib -Wl,-rpath,/users/khalbert/installs/git/spack/opt/spack/linux-rhel7-nehalem/gcc-10.3.0/mpc-1.2.1-mg7le4ejr2k4owuj3n52srf34oegexiy/lib -Wl,-rpath,/users/khalbert/installs/git/spack/opt/spack/linux-rhel7-nehalem/gcc-10.3.0/mpfr-4.1.0-myphh33a7hgi77xsmwmhni4aca353k2m/lib -Wl,-rpath,/users/khalbert/installs/git/spack/opt/spack/linux-rhel7-nehalem/gcc-10.3.0/zlib-1.2.12-jcdjapnvvgzbj3nuyxudkrto7vie4wbu/lib -Wl,-rpath,/users/khalbert/installs/git/spack/opt/spack/linux-rhel7-nehalem/gcc-10.3.0/zstd-1.5.2-uwnu6iiacyfmsa2heywy2poz7ptntphw/lib' --with-boot-ldflags='-Wl,-rpath,/users/khalbert/installs/git/spack/opt/spack/linux-rhel7-nehalem/gcc-10.3.0/gcc-10.3.0-lyjz33bckrr2qoosavernb7ejm3v26fh/lib -Wl,-rpath,/users/khalbert/installs/git/spack/opt/spack/linux-rhel7-nehalem/gcc-10.3.0/gcc-10.3.0-lyjz33bckrr2qoosavernb7ejm3v26fh/lib64 -Wl,-rpath,/users/khalbert/installs/git/spack/opt/spack/linux-rhel7-nehalem/gcc-10.3.0/binutils-2.38-xzgat4k66roe5pn7d2f3aaepojdirkww/lib -Wl,-rpath,/users/khalbert/installs/git/spack/opt/spack/linux-rhel7-nehalem/gcc-10.3.0/gmp-6.2.1-5qoxvarekvgwasrroachayu27qpdfzfu/lib -Wl,-rpath,/users/khalbert/installs/git/spack/opt/spack/linux-rhel7-nehalem/gcc-10.3.0/mpc-1.2.1-mg7le4ejr2k4owuj3n52srf34oegexiy/lib -Wl,-rpath,/users/khalbert/installs/git/spack/opt/spack/linux-rhel7-nehalem/gcc-10.3.0/mpfr-4.1.0-myphh33a7hgi77xsmwmhni4aca353k2m/lib -Wl,-rpath,/users/khalbert/installs/git/spack/opt/spack/linux-rhel7-nehalem/gcc-10.3.0/zlib-1.2.12-jcdjapnvvgzbj3nuyxudkrto7vie4wbu/lib -Wl,-rpath,/users/khalbert/installs/git/spack/opt/spack/linux-rhel7-nehalem/gcc-10.3.0/zstd-1.5.2-uwnu6iiacyfmsa2heywy2poz7ptntphw/lib -static-libstdc++ -static-libgcc' --with-build-config=spack
Thread model: posix
Supported LTO compression algorithms: zlib zstd
gcc version 10.3.0 (Spack GCC) 
COLLECT_GCC_OPTIONS='-v' '-o' 'CMakeFiles/cmTC_a73af.dir/CMakeCXXCompilerABI.cpp.o' '-c' '-shared-libgcc' '-mtune=generic' '-march=x86-64'
 /users/khalbert/installs/git/spack/opt/spack/linux-rhel7-nehalem/gcc-10.3.0/gcc-10.3.0-lyjz33bckrr2qoosavernb7ejm3v26fh/libexec/gcc/x86_64-pc-linux-gnu/10.3.0/cc1plus -quiet -v -D_GNU_SOURCE /users/khalbert/installs/git/spack/opt/spack/linux-rhel7-nehalem/gcc-10.3.0/cmake-3.23.1-5pqvdmjkxgngw2vwc2bpzwgr4jxbdxej/share/cmake-3.23/Modules/CMakeCXXCompilerABI.cpp -quiet -dumpbase CMakeCXXCompilerABI.cpp -mtune=generic -march=x86-64 -auxbase-strip CMakeFiles/cmTC_a73af.dir/CMakeCXXCompilerABI.cpp.o -version -o /tmp/ccTILiAd.s
GNU C++14 (Spack GCC) version 10.3.0 (x86_64-pc-linux-gnu)
	compiled by GNU C version 10.3.0, GMP version 6.2.1, MPFR version 4.1.0, MPC version 1.2.1, isl version none
GGC heuristics: --param ggc-min-expand=100 --param ggc-min-heapsize=131072
ignoring nonexistent directory "/users/khalbert/installs/git/spack/opt/spack/linux-rhel7-nehalem/gcc-10.3.0/gcc-10.3.0-lyjz33bckrr2qoosavernb7ejm3v26fh/lib/gcc/x86_64-pc-linux-gnu/10.3.0/../../../../x86_64-pc-linux-gnu/include"
#include "..." search starts here:
#include <...> search starts here:
 /users/khalbert/installs/git/spack/opt/spack/linux-rhel7-nehalem/gcc-10.3.0/gcc-10.3.0-lyjz33bckrr2qoosavernb7ejm3v26fh/lib/gcc/x86_64-pc-linux-gnu/10.3.0/../../../../include/c++/10.3.0
 /users/khalbert/installs/git/spack/opt/spack/linux-rhel7-nehalem/gcc-10.3.0/gcc-10.3.0-lyjz33bckrr2qoosavernb7ejm3v26fh/lib/gcc/x86_64-pc-linux-gnu/10.3.0/../../../../include/c++/10.3.0/x86_64-pc-linux-gnu
 /users/khalbert/installs/git/spack/opt/spack/linux-rhel7-nehalem/gcc-10.3.0/gcc-10.3.0-lyjz33bckrr2qoosavernb7ejm3v26fh/lib/gcc/x86_64-pc-linux-gnu/10.3.0/../../../../include/c++/10.3.0/backward
 /users/khalbert/installs/git/spack/opt/spack/linux-rhel7-nehalem/gcc-10.3.0/gcc-10.3.0-lyjz33bckrr2qoosavernb7ejm3v26fh/lib/gcc/x86_64-pc-linux-gnu/10.3.0/include
 /usr/local/include
 /users/khalbert/installs/git/spack/opt/spack/linux-rhel7-nehalem/gcc-10.3.0/gcc-10.3.0-lyjz33bckrr2qoosavernb7ejm3v26fh/include
 /users/khalbert/installs/git/spack/opt/spack/linux-rhel7-nehalem/gcc-10.3.0/gcc-10.3.0-lyjz33bckrr2qoosavernb7ejm3v26fh/lib/gcc/x86_64-pc-linux-gnu/10.3.0/include-fixed
 /usr/include
End of search list.
GNU C++14 (Spack GCC) version 10.3.0 (x86_64-pc-linux-gnu)
	compiled by GNU C version 10.3.0, GMP version 6.2.1, MPFR version 4.1.0, MPC version 1.2.1, isl version none
GGC heuristics: --param ggc-min-expand=100 --param ggc-min-heapsize=131072
Compiler executable checksum: 58482128c56d3e9f16569a6113ace03f
COLLECT_GCC_OPTIONS='-v' '-o' 'CMakeFiles/cmTC_a73af.dir/CMakeCXXCompilerABI.cpp.o' '-c' '-shared-libgcc' '-mtune=generic' '-march=x86-64'
 /users/khalbert/installs/git/spack/opt/spack/linux-rhel7-nehalem/gcc-10.3.0/binutils-2.38-xzgat4k66roe5pn7d2f3aaepojdirkww/bin/as -v --64 -o CMakeFiles/cmTC_a73af.dir/CMakeCXXCompilerABI.cpp.o /tmp/ccTILiAd.s
GNU assembler version 2.38 (x86_64-pc-linux-gnu) using BFD version (GNU Binutils) 2.38
COMPILER_PATH=/users/khalbert/installs/git/spack/opt/spack/linux-rhel7-nehalem/gcc-10.3.0/gcc-10.3.0-lyjz33bckrr2qoosavernb7ejm3v26fh/libexec/gcc/x86_64-pc-linux-gnu/10.3.0/:/users/khalbert/installs/git/spack/opt/spack/linux-rhel7-nehalem/gcc-10.3.0/gcc-10.3.0-lyjz33bckrr2qoosavernb7ejm3v26fh/libexec/gcc/x86_64-pc-linux-gnu/10.3.0/:/users/khalbert/installs/git/spack/opt/spack/linux-rhel7-nehalem/gcc-10.3.0/gcc-10.3.0-lyjz33bckrr2qoosavernb7ejm3v26fh/libexec/gcc/x86_64-pc-linux-gnu/:/users/khalbert/installs/git/spack/opt/spack/linux-rhel7-nehalem/gcc-10.3.0/gcc-10.3.0-lyjz33bckrr2qoosavernb7ejm3v26fh/lib/gcc/x86_64-pc-linux-gnu/10.3.0/:/users/khalbert/installs/git/spack/opt/spack/linux-rhel7-nehalem/gcc-10.3.0/gcc-10.3.0-lyjz33bckrr2qoosavernb7ejm3v26fh/lib/gcc/x86_64-pc-linux-gnu/
LIBRARY_PATH=/users/khalbert/installs/git/spack/opt/spack/linux-rhel7-nehalem/gcc-10.3.0/gcc-10.3.0-lyjz33bckrr2qoosavernb7ejm3v26fh/lib/gcc/x86_64-pc-linux-gnu/10.3.0/:/users/khalbert/installs/git/spack/opt/spack/linux-rhel7-nehalem/gcc-10.3.0/gcc-10.3.0-lyjz33bckrr2qoosavernb7ejm3v26fh/lib/gcc/x86_64-pc-linux-gnu/10.3.0/../../../../lib64/:/lib/../lib64/:/usr/lib/../lib64/:/users/khalbert/installs/git/spack/opt/spack/linux-rhel7-nehalem/gcc-10.3.0/gcc-10.3.0-lyjz33bckrr2qoosavernb7ejm3v26fh/lib/gcc/x86_64-pc-linux-gnu/10.3.0/../../../:/lib/:/usr/lib/
COLLECT_GCC_OPTIONS='-v' '-o' 'CMakeFiles/cmTC_a73af.dir/CMakeCXXCompilerABI.cpp.o' '-c' '-shared-libgcc' '-mtune=generic' '-march=x86-64'
Linking CXX executable cmTC_a73af
/users/khalbert/installs/git/spack/opt/spack/linux-rhel7-nehalem/gcc-10.3.0/cmake-3.23.1-5pqvdmjkxgngw2vwc2bpzwgr4jxbdxej/bin/cmake -E cmake_link_script CMakeFiles/cmTC_a73af.dir/link.txt --verbose=1
/users/khalbert/installs/git/spack/opt/spack/linux-rhel7-nehalem/gcc-10.3.0/gcc-10.3.0-lyjz33bckrr2qoosavernb7ejm3v26fh/bin/g++  -v -rdynamic CMakeFiles/cmTC_a73af.dir/CMakeCXXCompilerABI.cpp.o -o cmTC_a73af 
Reading specs from /users/khalbert/installs/git/spack/opt/spack/linux-rhel7-nehalem/gcc-10.3.0/gcc-10.3.0-lyjz33bckrr2qoosavernb7ejm3v26fh/lib/gcc/x86_64-pc-linux-gnu/10.3.0/specs
COLLECT_GCC=/users/khalbert/installs/git/spack/opt/spack/linux-rhel7-nehalem/gcc-10.3.0/gcc-10.3.0-lyjz33bckrr2qoosavernb7ejm3v26fh/bin/g++
COLLECT_LTO_WRAPPER=/users/khalbert/installs/git/spack/opt/spack/linux-rhel7-nehalem/gcc-10.3.0/gcc-10.3.0-lyjz33bckrr2qoosavernb7ejm3v26fh/libexec/gcc/x86_64-pc-linux-gnu/10.3.0/lto-wrapper
Target: x86_64-pc-linux-gnu
Configured with: /tmp/khalbert/spack-stage/spack-stage-gcc-10.3.0-lyjz33bckrr2qoosavernb7ejm3v26fh/spack-src/configure --prefix=/users/khalbert/installs/git/spack/opt/spack/linux-rhel7-nehalem/gcc-10.3.0/gcc-10.3.0-lyjz33bckrr2qoosavernb7ejm3v26fh --with-pkgversion='Spack GCC' --with-bugurl=https://github.com/spack/spack/issues --disable-multilib --enable-languages=c,c++,fortran,go,jit --disable-nls --disable-canonical-system-headers --with-system-zlib --with-zstd-include=/users/khalbert/installs/git/spack/opt/spack/linux-rhel7-nehalem/gcc-10.3.0/zstd-1.5.2-uwnu6iiacyfmsa2heywy2poz7ptntphw/include --with-zstd-lib=/users/khalbert/installs/git/spack/opt/spack/linux-rhel7-nehalem/gcc-10.3.0/zstd-1.5.2-uwnu6iiacyfmsa2heywy2poz7ptntphw/lib --enable-host-shared --with-gnu-ld --with-ld=/users/khalbert/installs/git/spack/opt/spack/linux-rhel7-nehalem/gcc-10.3.0/binutils-2.38-xzgat4k66roe5pn7d2f3aaepojdirkww/bin/ld --with-gnu-as --with-as=/users/khalbert/installs/git/spack/opt/spack/linux-rhel7-nehalem/gcc-10.3.0/binutils-2.38-xzgat4k66roe5pn7d2f3aaepojdirkww/bin/as --enable-bootstrap --with-mpfr-include=/users/khalbert/installs/git/spack/opt/spack/linux-rhel7-nehalem/gcc-10.3.0/mpfr-4.1.0-myphh33a7hgi77xsmwmhni4aca353k2m/include --with-mpfr-lib=/users/khalbert/installs/git/spack/opt/spack/linux-rhel7-nehalem/gcc-10.3.0/mpfr-4.1.0-myphh33a7hgi77xsmwmhni4aca353k2m/lib --with-gmp-include=/users/khalbert/installs/git/spack/opt/spack/linux-rhel7-nehalem/gcc-10.3.0/gmp-6.2.1-5qoxvarekvgwasrroachayu27qpdfzfu/include --with-gmp-lib=/users/khalbert/installs/git/spack/opt/spack/linux-rhel7-nehalem/gcc-10.3.0/gmp-6.2.1-5qoxvarekvgwasrroachayu27qpdfzfu/lib --with-mpc-include=/users/khalbert/installs/git/spack/opt/spack/linux-rhel7-nehalem/gcc-10.3.0/mpc-1.2.1-mg7le4ejr2k4owuj3n52srf34oegexiy/include --with-mpc-lib=/users/khalbert/installs/git/spack/opt/spack/linux-rhel7-nehalem/gcc-10.3.0/mpc-1.2.1-mg7le4ejr2k4owuj3n52srf34oegexiy/lib --without-isl --with-stage1-ldflags='-Wl,-rpath,/users/khalbert/installs/git/spack/opt/spack/linux-rhel7-nehalem/gcc-10.3.0/gcc-10.3.0-lyjz33bckrr2qoosavernb7ejm3v26fh/lib -Wl,-rpath,/users/khalbert/installs/git/spack/opt/spack/linux-rhel7-nehalem/gcc-10.3.0/gcc-10.3.0-lyjz33bckrr2qoosavernb7ejm3v26fh/lib64 -Wl,-rpath,/users/khalbert/installs/git/spack/opt/spack/linux-rhel7-nehalem/gcc-10.3.0/binutils-2.38-xzgat4k66roe5pn7d2f3aaepojdirkww/lib -Wl,-rpath,/users/khalbert/installs/git/spack/opt/spack/linux-rhel7-nehalem/gcc-10.3.0/gmp-6.2.1-5qoxvarekvgwasrroachayu27qpdfzfu/lib -Wl,-rpath,/users/khalbert/installs/git/spack/opt/spack/linux-rhel7-nehalem/gcc-10.3.0/mpc-1.2.1-mg7le4ejr2k4owuj3n52srf34oegexiy/lib -Wl,-rpath,/users/khalbert/installs/git/spack/opt/spack/linux-rhel7-nehalem/gcc-10.3.0/mpfr-4.1.0-myphh33a7hgi77xsmwmhni4aca353k2m/lib -Wl,-rpath,/users/khalbert/installs/git/spack/opt/spack/linux-rhel7-nehalem/gcc-10.3.0/zlib-1.2.12-jcdjapnvvgzbj3nuyxudkrto7vie4wbu/lib -Wl,-rpath,/users/khalbert/installs/git/spack/opt/spack/linux-rhel7-nehalem/gcc-10.3.0/zstd-1.5.2-uwnu6iiacyfmsa2heywy2poz7ptntphw/lib' --with-boot-ldflags='-Wl,-rpath,/users/khalbert/installs/git/spack/opt/spack/linux-rhel7-nehalem/gcc-10.3.0/gcc-10.3.0-lyjz33bckrr2qoosavernb7ejm3v26fh/lib -Wl,-rpath,/users/khalbert/installs/git/spack/opt/spack/linux-rhel7-nehalem/gcc-10.3.0/gcc-10.3.0-lyjz33bckrr2qoosavernb7ejm3v26fh/lib64 -Wl,-rpath,/users/khalbert/installs/git/spack/opt/spack/linux-rhel7-nehalem/gcc-10.3.0/binutils-2.38-xzgat4k66roe5pn7d2f3aaepojdirkww/lib -Wl,-rpath,/users/khalbert/installs/git/spack/opt/spack/linux-rhel7-nehalem/gcc-10.3.0/gmp-6.2.1-5qoxvarekvgwasrroachayu27qpdfzfu/lib -Wl,-rpath,/users/khalbert/installs/git/spack/opt/spack/linux-rhel7-nehalem/gcc-10.3.0/mpc-1.2.1-mg7le4ejr2k4owuj3n52srf34oegexiy/lib -Wl,-rpath,/users/khalbert/installs/git/spack/opt/spack/linux-rhel7-nehalem/gcc-10.3.0/mpfr-4.1.0-myphh33a7hgi77xsmwmhni4aca353k2m/lib -Wl,-rpath,/users/khalbert/installs/git/spack/opt/spack/linux-rhel7-nehalem/gcc-10.3.0/zlib-1.2.12-jcdjapnvvgzbj3nuyxudkrto7vie4wbu/lib -Wl,-rpath,/users/khalbert/installs/git/spack/opt/spack/linux-rhel7-nehalem/gcc-10.3.0/zstd-1.5.2-uwnu6iiacyfmsa2heywy2poz7ptntphw/lib -static-libstdc++ -static-libgcc' --with-build-config=spack
Thread model: posix
Supported LTO compression algorithms: zlib zstd
gcc version 10.3.0 (Spack GCC) 
COMPILER_PATH=/users/khalbert/installs/git/spack/opt/spack/linux-rhel7-nehalem/gcc-10.3.0/gcc-10.3.0-lyjz33bckrr2qoosavernb7ejm3v26fh/libexec/gcc/x86_64-pc-linux-gnu/10.3.0/:/users/khalbert/installs/git/spack/opt/spack/linux-rhel7-nehalem/gcc-10.3.0/gcc-10.3.0-lyjz33bckrr2qoosavernb7ejm3v26fh/libexec/gcc/x86_64-pc-linux-gnu/10.3.0/:/users/khalbert/installs/git/spack/opt/spack/linux-rhel7-nehalem/gcc-10.3.0/gcc-10.3.0-lyjz33bckrr2qoosavernb7ejm3v26fh/libexec/gcc/x86_64-pc-linux-gnu/:/users/khalbert/installs/git/spack/opt/spack/linux-rhel7-nehalem/gcc-10.3.0/gcc-10.3.0-lyjz33bckrr2qoosavernb7ejm3v26fh/lib/gcc/x86_64-pc-linux-gnu/10.3.0/:/users/khalbert/installs/git/spack/opt/spack/linux-rhel7-nehalem/gcc-10.3.0/gcc-10.3.0-lyjz33bckrr2qoosavernb7ejm3v26fh/lib/gcc/x86_64-pc-linux-gnu/
LIBRARY_PATH=/users/khalbert/installs/git/spack/opt/spack/linux-rhel7-nehalem/gcc-10.3.0/gcc-10.3.0-lyjz33bckrr2qoosavernb7ejm3v26fh/lib/gcc/x86_64-pc-linux-gnu/10.3.0/:/users/khalbert/installs/git/spack/opt/spack/linux-rhel7-nehalem/gcc-10.3.0/gcc-10.3.0-lyjz33bckrr2qoosavernb7ejm3v26fh/lib/gcc/x86_64-pc-linux-gnu/10.3.0/../../../../lib64/:/lib/../lib64/:/usr/lib/../lib64/:/users/khalbert/installs/git/spack/opt/spack/linux-rhel7-nehalem/gcc-10.3.0/gcc-10.3.0-lyjz33bckrr2qoosavernb7ejm3v26fh/lib/gcc/x86_64-pc-linux-gnu/10.3.0/../../../:/lib/:/usr/lib/
COLLECT_GCC_OPTIONS='-v' '-rdynamic' '-o' 'cmTC_a73af' '-shared-libgcc' '-mtune=generic' '-march=x86-64'
 /users/khalbert/installs/git/spack/opt/spack/linux-rhel7-nehalem/gcc-10.3.0/gcc-10.3.0-lyjz33bckrr2qoosavernb7ejm3v26fh/libexec/gcc/x86_64-pc-linux-gnu/10.3.0/collect2 -plugin /users/khalbert/installs/git/spack/opt/spack/linux-rhel7-nehalem/gcc-10.3.0/gcc-10.3.0-lyjz33bckrr2qoosavernb7ejm3v26fh/libexec/gcc/x86_64-pc-linux-gnu/10.3.0/liblto_plugin.so -plugin-opt=/users/khalbert/installs/git/spack/opt/spack/linux-rhel7-nehalem/gcc-10.3.0/gcc-10.3.0-lyjz33bckrr2qoosavernb7ejm3v26fh/libexec/gcc/x86_64-pc-linux-gnu/10.3.0/lto-wrapper -plugin-opt=-fresolution=/tmp/cc4GsoSo.res -plugin-opt=-pass-through=-lgcc_s -plugin-opt=-pass-through=-lgcc -plugin-opt=-pass-through=-lc -plugin-opt=-pass-through=-lgcc_s -plugin-opt=-pass-through=-lgcc --eh-frame-hdr -m elf_x86_64 -export-dynamic -dynamic-linker /lib64/ld-linux-x86-64.so.2 -o cmTC_a73af /lib/../lib64/crt1.o /lib/../lib64/crti.o /users/khalbert/installs/git/spack/opt/spack/linux-rhel7-nehalem/gcc-10.3.0/gcc-10.3.0-lyjz33bckrr2qoosavernb7ejm3v26fh/lib/gcc/x86_64-pc-linux-gnu/10.3.0/crtbegin.o -rpath /users/khalbert/installs/git/spack/opt/spack/linux-rhel7-nehalem/gcc-10.3.0/gcc-10.3.0-lyjz33bckrr2qoosavernb7ejm3v26fh/lib:/users/khalbert/installs/git/spack/opt/spack/linux-rhel7-nehalem/gcc-10.3.0/gcc-10.3.0-lyjz33bckrr2qoosavernb7ejm3v26fh/lib64 -L/users/khalbert/installs/git/spack/opt/spack/linux-rhel7-nehalem/gcc-10.3.0/gcc-10.3.0-lyjz33bckrr2qoosavernb7ejm3v26fh/lib/gcc/x86_64-pc-linux-gnu/10.3.0 -L/users/khalbert/installs/git/spack/opt/spack/linux-rhel7-nehalem/gcc-10.3.0/gcc-10.3.0-lyjz33bckrr2qoosavernb7ejm3v26fh/lib/gcc/x86_64-pc-linux-gnu/10.3.0/../../../../lib64 -L/lib/../lib64 -L/usr/lib/../lib64 -L/users/khalbert/installs/git/spack/opt/spack/linux-rhel7-nehalem/gcc-10.3.0/gcc-10.3.0-lyjz33bckrr2qoosavernb7ejm3v26fh/lib/gcc/x86_64-pc-linux-gnu/10.3.0/../../.. CMakeFiles/cmTC_a73af.dir/CMakeCXXCompilerABI.cpp.o -lstdc++ -lm -lgcc_s -lgcc -lc -lgcc_s -lgcc /users/khalbert/installs/git/spack/opt/spack/linux-rhel7-nehalem/gcc-10.3.0/gcc-10.3.0-lyjz33bckrr2qoosavernb7ejm3v26fh/lib/gcc/x86_64-pc-linux-gnu/10.3.0/crtend.o /lib/../lib64/crtn.o
COLLECT_GCC_OPTIONS='-v' '-rdynamic' '-o' 'cmTC_a73af' '-shared-libgcc' '-mtune=generic' '-march=x86-64'
gmake[1]: Leaving directory `/users/khalbert/CODEBASE/NSHARP-calc/build/CMakeFiles/CMakeTmp'



Parsed CXX implicit include dir info from above output: rv=done
  found start of include info
  found start of implicit include info
    add: [/users/khalbert/installs/git/spack/opt/spack/linux-rhel7-nehalem/gcc-10.3.0/gcc-10.3.0-lyjz33bckrr2qoosavernb7ejm3v26fh/lib/gcc/x86_64-pc-linux-gnu/10.3.0/../../../../include/c++/10.3.0]
    add: [/users/khalbert/installs/git/spack/opt/spack/linux-rhel7-nehalem/gcc-10.3.0/gcc-10.3.0-lyjz33bckrr2qoosavernb7ejm3v26fh/lib/gcc/x86_64-pc-linux-gnu/10.3.0/../../../../include/c++/10.3.0/x86_64-pc-linux-gnu]
    add: [/users/khalbert/installs/git/spack/opt/spack/linux-rhel7-nehalem/gcc-10.3.0/gcc-10.3.0-lyjz33bckrr2qoosavernb7ejm3v26fh/lib/gcc/x86_64-pc-linux-gnu/10.3.0/../../../../include/c++/10.3.0/backward]
    add: [/users/khalbert/installs/git/spack/opt/spack/linux-rhel7-nehalem/gcc-10.3.0/gcc-10.3.0-lyjz33bckrr2qoosavernb7ejm3v26fh/lib/gcc/x86_64-pc-linux-gnu/10.3.0/include]
    add: [/usr/local/include]
    add: [/users/khalbert/installs/git/spack/opt/spack/linux-rhel7-nehalem/gcc-10.3.0/gcc-10.3.0-lyjz33bckrr2qoosavernb7ejm3v26fh/include]
    add: [/users/khalbert/installs/git/spack/opt/spack/linux-rhel7-nehalem/gcc-10.3.0/gcc-10.3.0-lyjz33bckrr2qoosavernb7ejm3v26fh/lib/gcc/x86_64-pc-linux-gnu/10.3.0/include-fixed]
    add: [/usr/include]
  end of search list found
  collapse include dir [/users/khalbert/installs/git/spack/opt/spack/linux-rhel7-nehalem/gcc-10.3.0/gcc-10.3.0-lyjz33bckrr2qoosavernb7ejm3v26fh/lib/gcc/x86_64-pc-linux-gnu/10.3.0/../../../../include/c++/10.3.0] ==> [/users/khalbert/installs/git/spack/opt/spack/linux-rhel7-nehalem/gcc-10.3.0/gcc-10.3.0-lyjz33bckrr2qoosavernb7ejm3v26fh/include/c++/10.3.0]
  collapse include dir [/users/khalbert/installs/git/spack/opt/spack/linux-rhel7-nehalem/gcc-10.3.0/gcc-10.3.0-lyjz33bckrr2qoosavernb7ejm3v26fh/lib/gcc/x86_64-pc-linux-gnu/10.3.0/../../../../include/c++/10.3.0/x86_64-pc-linux-gnu] ==> [/users/khalbert/installs/git/spack/opt/spack/linux-rhel7-nehalem/gcc-10.3.0/gcc-10.3.0-lyjz33bckrr2qoosavernb7ejm3v26fh/include/c++/10.3.0/x86_64-pc-linux-gnu]
  collapse include dir [/users/khalbert/installs/git/spack/opt/spack/linux-rhel7-nehalem/gcc-10.3.0/gcc-10.3.0-lyjz33bckrr2qoosavernb7ejm3v26fh/lib/gcc/x86_64-pc-linux-gnu/10.3.0/../../../../include/c++/10.3.0/backward] ==> [/users/khalbert/installs/git/spack/opt/spack/linux-rhel7-nehalem/gcc-10.3.0/gcc-10.3.0-lyjz33bckrr2qoosavernb7ejm3v26fh/include/c++/10.3.0/backward]
  collapse include dir [/users/khalbert/installs/git/spack/opt/spack/linux-rhel7-nehalem/gcc-10.3.0/gcc-10.3.0-lyjz33bckrr2qoosavernb7ejm3v26fh/lib/gcc/x86_64-pc-linux-gnu/10.3.0/include] ==> [/users/khalbert/installs/git/spack/opt/spack/linux-rhel7-nehalem/gcc-10.3.0/gcc-10.3.0-lyjz33bckrr2qoosavernb7ejm3v26fh/lib/gcc/x86_64-pc-linux-gnu/10.3.0/include]
  collapse include dir [/usr/local/include] ==> [/usr/local/include]
  collapse include dir [/users/khalbert/installs/git/spack/opt/spack/linux-rhel7-nehalem/gcc-10.3.0/gcc-10.3.0-lyjz33bckrr2qoosavernb7ejm3v26fh/include] ==> [/users/khalbert/installs/git/spack/opt/spack/linux-rhel7-nehalem/gcc-10.3.0/gcc-10.3.0-lyjz33bckrr2qoosavernb7ejm3v26fh/include]
  collapse include dir [/users/khalbert/installs/git/spack/opt/spack/linux-rhel7-nehalem/gcc-10.3.0/gcc-10.3.0-lyjz33bckrr2qoosavernb7ejm3v26fh/lib/gcc/x86_64-pc-linux-gnu/10.3.0/include-fixed] ==> [/users/khalbert/installs/git/spack/opt/spack/linux-rhel7-nehalem/gcc-10.3.0/gcc-10.3.0-lyjz33bckrr2qoosavernb7ejm3v26fh/lib/gcc/x86_64-pc-linux-gnu/10.3.0/include-fixed]
  collapse include dir [/usr/include] ==> [/usr/include]
  implicit include dirs: [/users/khalbert/installs/git/spack/opt/spack/linux-rhel7-nehalem/gcc-10.3.0/gcc-10.3.0-lyjz33bckrr2qoosavernb7ejm3v26fh/include/c++/10.3.0;/users/khalbert/installs/git/spack/opt/spack/linux-rhel7-nehalem/gcc-10.3.0/gcc-10.3.0-lyjz33bckrr2qoosavernb7ejm3v26fh/include/c++/10.3.0/x86_64-pc-linux-gnu;/users/khalbert/installs/git/spack/opt/spack/linux-rhel7-nehalem/gcc-10.3.0/gcc-10.3.0-lyjz33bckrr2qoosavernb7ejm3v26fh/include/c++/10.3.0/backward;/users/khalbert/installs/git/spack/opt/spack/linux-rhel7-nehalem/gcc-10.3.0/gcc-10.3.0-lyjz33bckrr2qoosavernb7ejm3v26fh/lib/gcc/x86_64-pc-linux-gnu/10.3.0/include;/usr/local/include;/users/khalbert/installs/git/spack/opt/spack/linux-rhel7-nehalem/gcc-10.3.0/gcc-10.3.0-lyjz33bckrr2qoosavernb7ejm3v26fh/include;/users/khalbert/installs/git/spack/opt/spack/linux-rhel7-nehalem/gcc-10.3.0/gcc-10.3.0-lyjz33bckrr2qoosavernb7ejm3v26fh/lib/gcc/x86_64-pc-linux-gnu/10.3.0/include-fixed;/usr/include]


Parsed CXX implicit link information from above output:
  link line regex: [^( *|.*[/\])(ld|CMAKE_LINK_STARTFILE-NOTFOUND|([^/\]+-)?ld|collect2)[^/\]*( |$)]
  ignore line: [Change Dir: /users/khalbert/CODEBASE/NSHARP-calc/build/CMakeFiles/CMakeTmp]
  ignore line: []
  ignore line: [Run Build Command(s):/usr/bin/gmake -f Makefile cmTC_a73af/fast && /usr/bin/gmake  -f CMakeFiles/cmTC_a73af.dir/build.make CMakeFiles/cmTC_a73af.dir/build]
  ignore line: [gmake[1]: Entering directory `/users/khalbert/CODEBASE/NSHARP-calc/build/CMakeFiles/CMakeTmp']
  ignore line: [Building CXX object CMakeFiles/cmTC_a73af.dir/CMakeCXXCompilerABI.cpp.o]
  ignore line: [/users/khalbert/installs/git/spack/opt/spack/linux-rhel7-nehalem/gcc-10.3.0/gcc-10.3.0-lyjz33bckrr2qoosavernb7ejm3v26fh/bin/g++   -v -o CMakeFiles/cmTC_a73af.dir/CMakeCXXCompilerABI.cpp.o -c /users/khalbert/installs/git/spack/opt/spack/linux-rhel7-nehalem/gcc-10.3.0/cmake-3.23.1-5pqvdmjkxgngw2vwc2bpzwgr4jxbdxej/share/cmake-3.23/Modules/CMakeCXXCompilerABI.cpp]
  ignore line: [Reading specs from /users/khalbert/installs/git/spack/opt/spack/linux-rhel7-nehalem/gcc-10.3.0/gcc-10.3.0-lyjz33bckrr2qoosavernb7ejm3v26fh/lib/gcc/x86_64-pc-linux-gnu/10.3.0/specs]
  ignore line: [COLLECT_GCC=/users/khalbert/installs/git/spack/opt/spack/linux-rhel7-nehalem/gcc-10.3.0/gcc-10.3.0-lyjz33bckrr2qoosavernb7ejm3v26fh/bin/g++]
  ignore line: [Target: x86_64-pc-linux-gnu]
  ignore line: [Configured with: /tmp/khalbert/spack-stage/spack-stage-gcc-10.3.0-lyjz33bckrr2qoosavernb7ejm3v26fh/spack-src/configure --prefix=/users/khalbert/installs/git/spack/opt/spack/linux-rhel7-nehalem/gcc-10.3.0/gcc-10.3.0-lyjz33bckrr2qoosavernb7ejm3v26fh --with-pkgversion='Spack GCC' --with-bugurl=https://github.com/spack/spack/issues --disable-multilib --enable-languages=c,c++,fortran,go,jit --disable-nls --disable-canonical-system-headers --with-system-zlib --with-zstd-include=/users/khalbert/installs/git/spack/opt/spack/linux-rhel7-nehalem/gcc-10.3.0/zstd-1.5.2-uwnu6iiacyfmsa2heywy2poz7ptntphw/include --with-zstd-lib=/users/khalbert/installs/git/spack/opt/spack/linux-rhel7-nehalem/gcc-10.3.0/zstd-1.5.2-uwnu6iiacyfmsa2heywy2poz7ptntphw/lib --enable-host-shared --with-gnu-ld --with-ld=/users/khalbert/installs/git/spack/opt/spack/linux-rhel7-nehalem/gcc-10.3.0/binutils-2.38-xzgat4k66roe5pn7d2f3aaepojdirkww/bin/ld --with-gnu-as --with-as=/users/khalbert/installs/git/spack/opt/spack/linux-rhel7-nehalem/gcc-10.3.0/binutils-2.38-xzgat4k66roe5pn7d2f3aaepojdirkww/bin/as --enable-bootstrap --with-mpfr-include=/users/khalbert/installs/git/spack/opt/spack/linux-rhel7-nehalem/gcc-10.3.0/mpfr-4.1.0-myphh33a7hgi77xsmwmhni4aca353k2m/include --with-mpfr-lib=/users/khalbert/installs/git/spack/opt/spack/linux-rhel7-nehalem/gcc-10.3.0/mpfr-4.1.0-myphh33a7hgi77xsmwmhni4aca353k2m/lib --with-gmp-include=/users/khalbert/installs/git/spack/opt/spack/linux-rhel7-nehalem/gcc-10.3.0/gmp-6.2.1-5qoxvarekvgwasrroachayu27qpdfzfu/include --with-gmp-lib=/users/khalbert/installs/git/spack/opt/spack/linux-rhel7-nehalem/gcc-10.3.0/gmp-6.2.1-5qoxvarekvgwasrroachayu27qpdfzfu/lib --with-mpc-include=/users/khalbert/installs/git/spack/opt/spack/linux-rhel7-nehalem/gcc-10.3.0/mpc-1.2.1-mg7le4ejr2k4owuj3n52srf34oegexiy/include --with-mpc-lib=/users/khalbert/installs/git/spack/opt/spack/linux-rhel7-nehalem/gcc-10.3.0/mpc-1.2.1-mg7le4ejr2k4owuj3n52srf34oegexiy/lib --without-isl --with-stage1-ldflags='-Wl,-rpath,/users/khalbert/installs/git/spack/opt/spack/linux-rhel7-nehalem/gcc-10.3.0/gcc-10.3.0-lyjz33bckrr2qoosavernb7ejm3v26fh/lib -Wl,-rpath,/users/khalbert/installs/git/spack/opt/spack/linux-rhel7-nehalem/gcc-10.3.0/gcc-10.3.0-lyjz33bckrr2qoosavernb7ejm3v26fh/lib64 -Wl,-rpath,/users/khalbert/installs/git/spack/opt/spack/linux-rhel7-nehalem/gcc-10.3.0/binutils-2.38-xzgat4k66roe5pn7d2f3aaepojdirkww/lib -Wl,-rpath,/users/khalbert/installs/git/spack/opt/spack/linux-rhel7-nehalem/gcc-10.3.0/gmp-6.2.1-5qoxvarekvgwasrroachayu27qpdfzfu/lib -Wl,-rpath,/users/khalbert/installs/git/spack/opt/spack/linux-rhel7-nehalem/gcc-10.3.0/mpc-1.2.1-mg7le4ejr2k4owuj3n52srf34oegexiy/lib -Wl,-rpath,/users/khalbert/installs/git/spack/opt/spack/linux-rhel7-nehalem/gcc-10.3.0/mpfr-4.1.0-myphh33a7hgi77xsmwmhni4aca353k2m/lib -Wl,-rpath,/users/khalbert/installs/git/spack/opt/spack/linux-rhel7-nehalem/gcc-10.3.0/zlib-1.2.12-jcdjapnvvgzbj3nuyxudkrto7vie4wbu/lib -Wl,-rpath,/users/khalbert/installs/git/spack/opt/spack/linux-rhel7-nehalem/gcc-10.3.0/zstd-1.5.2-uwnu6iiacyfmsa2heywy2poz7ptntphw/lib' --with-boot-ldflags='-Wl,-rpath,/users/khalbert/installs/git/spack/opt/spack/linux-rhel7-nehalem/gcc-10.3.0/gcc-10.3.0-lyjz33bckrr2qoosavernb7ejm3v26fh/lib -Wl,-rpath,/users/khalbert/installs/git/spack/opt/spack/linux-rhel7-nehalem/gcc-10.3.0/gcc-10.3.0-lyjz33bckrr2qoosavernb7ejm3v26fh/lib64 -Wl,-rpath,/users/khalbert/installs/git/spack/opt/spack/linux-rhel7-nehalem/gcc-10.3.0/binutils-2.38-xzgat4k66roe5pn7d2f3aaepojdirkww/lib -Wl,-rpath,/users/khalbert/installs/git/spack/opt/spack/linux-rhel7-nehalem/gcc-10.3.0/gmp-6.2.1-5qoxvarekvgwasrroachayu27qpdfzfu/lib -Wl,-rpath,/users/khalbert/installs/git/spack/opt/spack/linux-rhel7-nehalem/gcc-10.3.0/mpc-1.2.1-mg7le4ejr2k4owuj3n52srf34oegexiy/lib -Wl,-rpath,/users/khalbert/installs/git/spack/opt/spack/linux-rhel7-nehalem/gcc-10.3.0/mpfr-4.1.0-myphh33a7hgi77xsmwmhni4aca353k2m/lib -Wl,-rpath,/users/khalbert/installs/git/spack/opt/spack/linux-rhel7-nehalem/gcc-10.3.0/zlib-1.2.12-jcdjapnvvgzbj3nuyxudkrto7vie4wbu/lib -Wl,-rpath,/users/khalbert/installs/git/spack/opt/spack/linux-rhel7-nehalem/gcc-10.3.0/zstd-1.5.2-uwnu6iiacyfmsa2heywy2poz7ptntphw/lib -static-libstdc++ -static-libgcc' --with-build-config=spack]
  ignore line: [Thread model: posix]
  ignore line: [Supported LTO compression algorithms: zlib zstd]
  ignore line: [gcc version 10.3.0 (Spack GCC) ]
  ignore line: [COLLECT_GCC_OPTIONS='-v' '-o' 'CMakeFiles/cmTC_a73af.dir/CMakeCXXCompilerABI.cpp.o' '-c' '-shared-libgcc' '-mtune=generic' '-march=x86-64']
  ignore line: [ /users/khalbert/installs/git/spack/opt/spack/linux-rhel7-nehalem/gcc-10.3.0/gcc-10.3.0-lyjz33bckrr2qoosavernb7ejm3v26fh/libexec/gcc/x86_64-pc-linux-gnu/10.3.0/cc1plus -quiet -v -D_GNU_SOURCE /users/khalbert/installs/git/spack/opt/spack/linux-rhel7-nehalem/gcc-10.3.0/cmake-3.23.1-5pqvdmjkxgngw2vwc2bpzwgr4jxbdxej/share/cmake-3.23/Modules/CMakeCXXCompilerABI.cpp -quiet -dumpbase CMakeCXXCompilerABI.cpp -mtune=generic -march=x86-64 -auxbase-strip CMakeFiles/cmTC_a73af.dir/CMakeCXXCompilerABI.cpp.o -version -o /tmp/ccTILiAd.s]
  ignore line: [GNU C++14 (Spack GCC) version 10.3.0 (x86_64-pc-linux-gnu)]
  ignore line: [	compiled by GNU C version 10.3.0  GMP version 6.2.1  MPFR version 4.1.0  MPC version 1.2.1  isl version none]
  ignore line: [GGC heuristics: --param ggc-min-expand=100 --param ggc-min-heapsize=131072]
  ignore line: [ignoring nonexistent directory "/users/khalbert/installs/git/spack/opt/spack/linux-rhel7-nehalem/gcc-10.3.0/gcc-10.3.0-lyjz33bckrr2qoosavernb7ejm3v26fh/lib/gcc/x86_64-pc-linux-gnu/10.3.0/../../../../x86_64-pc-linux-gnu/include"]
  ignore line: [#include "..." search starts here:]
  ignore line: [#include <...> search starts here:]
  ignore line: [ /users/khalbert/installs/git/spack/opt/spack/linux-rhel7-nehalem/gcc-10.3.0/gcc-10.3.0-lyjz33bckrr2qoosavernb7ejm3v26fh/lib/gcc/x86_64-pc-linux-gnu/10.3.0/../../../../include/c++/10.3.0]
  ignore line: [ /users/khalbert/installs/git/spack/opt/spack/linux-rhel7-nehalem/gcc-10.3.0/gcc-10.3.0-lyjz33bckrr2qoosavernb7ejm3v26fh/lib/gcc/x86_64-pc-linux-gnu/10.3.0/../../../../include/c++/10.3.0/x86_64-pc-linux-gnu]
  ignore line: [ /users/khalbert/installs/git/spack/opt/spack/linux-rhel7-nehalem/gcc-10.3.0/gcc-10.3.0-lyjz33bckrr2qoosavernb7ejm3v26fh/lib/gcc/x86_64-pc-linux-gnu/10.3.0/../../../../include/c++/10.3.0/backward]
  ignore line: [ /users/khalbert/installs/git/spack/opt/spack/linux-rhel7-nehalem/gcc-10.3.0/gcc-10.3.0-lyjz33bckrr2qoosavernb7ejm3v26fh/lib/gcc/x86_64-pc-linux-gnu/10.3.0/include]
  ignore line: [ /usr/local/include]
  ignore line: [ /users/khalbert/installs/git/spack/opt/spack/linux-rhel7-nehalem/gcc-10.3.0/gcc-10.3.0-lyjz33bckrr2qoosavernb7ejm3v26fh/include]
  ignore line: [ /users/khalbert/installs/git/spack/opt/spack/linux-rhel7-nehalem/gcc-10.3.0/gcc-10.3.0-lyjz33bckrr2qoosavernb7ejm3v26fh/lib/gcc/x86_64-pc-linux-gnu/10.3.0/include-fixed]
  ignore line: [ /usr/include]
  ignore line: [End of search list.]
  ignore line: [GNU C++14 (Spack GCC) version 10.3.0 (x86_64-pc-linux-gnu)]
  ignore line: [	compiled by GNU C version 10.3.0  GMP version 6.2.1  MPFR version 4.1.0  MPC version 1.2.1  isl version none]
  ignore line: [GGC heuristics: --param ggc-min-expand=100 --param ggc-min-heapsize=131072]
  ignore line: [Compiler executable checksum: 58482128c56d3e9f16569a6113ace03f]
  ignore line: [COLLECT_GCC_OPTIONS='-v' '-o' 'CMakeFiles/cmTC_a73af.dir/CMakeCXXCompilerABI.cpp.o' '-c' '-shared-libgcc' '-mtune=generic' '-march=x86-64']
  ignore line: [ /users/khalbert/installs/git/spack/opt/spack/linux-rhel7-nehalem/gcc-10.3.0/binutils-2.38-xzgat4k66roe5pn7d2f3aaepojdirkww/bin/as -v --64 -o CMakeFiles/cmTC_a73af.dir/CMakeCXXCompilerABI.cpp.o /tmp/ccTILiAd.s]
  ignore line: [GNU assembler version 2.38 (x86_64-pc-linux-gnu) using BFD version (GNU Binutils) 2.38]
  ignore line: [COMPILER_PATH=/users/khalbert/installs/git/spack/opt/spack/linux-rhel7-nehalem/gcc-10.3.0/gcc-10.3.0-lyjz33bckrr2qoosavernb7ejm3v26fh/libexec/gcc/x86_64-pc-linux-gnu/10.3.0/:/users/khalbert/installs/git/spack/opt/spack/linux-rhel7-nehalem/gcc-10.3.0/gcc-10.3.0-lyjz33bckrr2qoosavernb7ejm3v26fh/libexec/gcc/x86_64-pc-linux-gnu/10.3.0/:/users/khalbert/installs/git/spack/opt/spack/linux-rhel7-nehalem/gcc-10.3.0/gcc-10.3.0-lyjz33bckrr2qoosavernb7ejm3v26fh/libexec/gcc/x86_64-pc-linux-gnu/:/users/khalbert/installs/git/spack/opt/spack/linux-rhel7-nehalem/gcc-10.3.0/gcc-10.3.0-lyjz33bckrr2qoosavernb7ejm3v26fh/lib/gcc/x86_64-pc-linux-gnu/10.3.0/:/users/khalbert/installs/git/spack/opt/spack/linux-rhel7-nehalem/gcc-10.3.0/gcc-10.3.0-lyjz33bckrr2qoosavernb7ejm3v26fh/lib/gcc/x86_64-pc-linux-gnu/]
  ignore line: [LIBRARY_PATH=/users/khalbert/installs/git/spack/opt/spack/linux-rhel7-nehalem/gcc-10.3.0/gcc-10.3.0-lyjz33bckrr2qoosavernb7ejm3v26fh/lib/gcc/x86_64-pc-linux-gnu/10.3.0/:/users/khalbert/installs/git/spack/opt/spack/linux-rhel7-nehalem/gcc-10.3.0/gcc-10.3.0-lyjz33bckrr2qoosavernb7ejm3v26fh/lib/gcc/x86_64-pc-linux-gnu/10.3.0/../../../../lib64/:/lib/../lib64/:/usr/lib/../lib64/:/users/khalbert/installs/git/spack/opt/spack/linux-rhel7-nehalem/gcc-10.3.0/gcc-10.3.0-lyjz33bckrr2qoosavernb7ejm3v26fh/lib/gcc/x86_64-pc-linux-gnu/10.3.0/../../../:/lib/:/usr/lib/]
  ignore line: [COLLECT_GCC_OPTIONS='-v' '-o' 'CMakeFiles/cmTC_a73af.dir/CMakeCXXCompilerABI.cpp.o' '-c' '-shared-libgcc' '-mtune=generic' '-march=x86-64']
  ignore line: [Linking CXX executable cmTC_a73af]
  ignore line: [/users/khalbert/installs/git/spack/opt/spack/linux-rhel7-nehalem/gcc-10.3.0/cmake-3.23.1-5pqvdmjkxgngw2vwc2bpzwgr4jxbdxej/bin/cmake -E cmake_link_script CMakeFiles/cmTC_a73af.dir/link.txt --verbose=1]
  ignore line: [/users/khalbert/installs/git/spack/opt/spack/linux-rhel7-nehalem/gcc-10.3.0/gcc-10.3.0-lyjz33bckrr2qoosavernb7ejm3v26fh/bin/g++  -v -rdynamic CMakeFiles/cmTC_a73af.dir/CMakeCXXCompilerABI.cpp.o -o cmTC_a73af ]
  ignore line: [Reading specs from /users/khalbert/installs/git/spack/opt/spack/linux-rhel7-nehalem/gcc-10.3.0/gcc-10.3.0-lyjz33bckrr2qoosavernb7ejm3v26fh/lib/gcc/x86_64-pc-linux-gnu/10.3.0/specs]
  ignore line: [COLLECT_GCC=/users/khalbert/installs/git/spack/opt/spack/linux-rhel7-nehalem/gcc-10.3.0/gcc-10.3.0-lyjz33bckrr2qoosavernb7ejm3v26fh/bin/g++]
  ignore line: [COLLECT_LTO_WRAPPER=/users/khalbert/installs/git/spack/opt/spack/linux-rhel7-nehalem/gcc-10.3.0/gcc-10.3.0-lyjz33bckrr2qoosavernb7ejm3v26fh/libexec/gcc/x86_64-pc-linux-gnu/10.3.0/lto-wrapper]
  ignore line: [Target: x86_64-pc-linux-gnu]
  ignore line: [Configured with: /tmp/khalbert/spack-stage/spack-stage-gcc-10.3.0-lyjz33bckrr2qoosavernb7ejm3v26fh/spack-src/configure --prefix=/users/khalbert/installs/git/spack/opt/spack/linux-rhel7-nehalem/gcc-10.3.0/gcc-10.3.0-lyjz33bckrr2qoosavernb7ejm3v26fh --with-pkgversion='Spack GCC' --with-bugurl=https://github.com/spack/spack/issues --disable-multilib --enable-languages=c,c++,fortran,go,jit --disable-nls --disable-canonical-system-headers --with-system-zlib --with-zstd-include=/users/khalbert/installs/git/spack/opt/spack/linux-rhel7-nehalem/gcc-10.3.0/zstd-1.5.2-uwnu6iiacyfmsa2heywy2poz7ptntphw/include --with-zstd-lib=/users/khalbert/installs/git/spack/opt/spack/linux-rhel7-nehalem/gcc-10.3.0/zstd-1.5.2-uwnu6iiacyfmsa2heywy2poz7ptntphw/lib --enable-host-shared --with-gnu-ld --with-ld=/users/khalbert/installs/git/spack/opt/spack/linux-rhel7-nehalem/gcc-10.3.0/binutils-2.38-xzgat4k66roe5pn7d2f3aaepojdirkww/bin/ld --with-gnu-as --with-as=/users/khalbert/installs/git/spack/opt/spack/linux-rhel7-nehalem/gcc-10.3.0/binutils-2.38-xzgat4k66roe5pn7d2f3aaepojdirkww/bin/as --enable-bootstrap --with-mpfr-include=/users/khalbert/installs/git/spack/opt/spack/linux-rhel7-nehalem/gcc-10.3.0/mpfr-4.1.0-myphh33a7hgi77xsmwmhni4aca353k2m/include --with-mpfr-lib=/users/khalbert/installs/git/spack/opt/spack/linux-rhel7-nehalem/gcc-10.3.0/mpfr-4.1.0-myphh33a7hgi77xsmwmhni4aca353k2m/lib --with-gmp-include=/users/khalbert/installs/git/spack/opt/spack/linux-rhel7-nehalem/gcc-10.3.0/gmp-6.2.1-5qoxvarekvgwasrroachayu27qpdfzfu/include --with-gmp-lib=/users/khalbert/installs/git/spack/opt/spack/linux-rhel7-nehalem/gcc-10.3.0/gmp-6.2.1-5qoxvarekvgwasrroachayu27qpdfzfu/lib --with-mpc-include=/users/khalbert/installs/git/spack/opt/spack/linux-rhel7-nehalem/gcc-10.3.0/mpc-1.2.1-mg7le4ejr2k4owuj3n52srf34oegexiy/include --with-mpc-lib=/users/khalbert/installs/git/spack/opt/spack/linux-rhel7-nehalem/gcc-10.3.0/mpc-1.2.1-mg7le4ejr2k4owuj3n52srf34oegexiy/lib --without-isl --with-stage1-ldflags='-Wl,-rpath,/users/khalbert/installs/git/spack/opt/spack/linux-rhel7-nehalem/gcc-10.3.0/gcc-10.3.0-lyjz33bckrr2qoosavernb7ejm3v26fh/lib -Wl,-rpath,/users/khalbert/installs/git/spack/opt/spack/linux-rhel7-nehalem/gcc-10.3.0/gcc-10.3.0-lyjz33bckrr2qoosavernb7ejm3v26fh/lib64 -Wl,-rpath,/users/khalbert/installs/git/spack/opt/spack/linux-rhel7-nehalem/gcc-10.3.0/binutils-2.38-xzgat4k66roe5pn7d2f3aaepojdirkww/lib -Wl,-rpath,/users/khalbert/installs/git/spack/opt/spack/linux-rhel7-nehalem/gcc-10.3.0/gmp-6.2.1-5qoxvarekvgwasrroachayu27qpdfzfu/lib -Wl,-rpath,/users/khalbert/installs/git/spack/opt/spack/linux-rhel7-nehalem/gcc-10.3.0/mpc-1.2.1-mg7le4ejr2k4owuj3n52srf34oegexiy/lib -Wl,-rpath,/users/khalbert/installs/git/spack/opt/spack/linux-rhel7-nehalem/gcc-10.3.0/mpfr-4.1.0-myphh33a7hgi77xsmwmhni4aca353k2m/lib -Wl,-rpath,/users/khalbert/installs/git/spack/opt/spack/linux-rhel7-nehalem/gcc-10.3.0/zlib-1.2.12-jcdjapnvvgzbj3nuyxudkrto7vie4wbu/lib -Wl,-rpath,/users/khalbert/installs/git/spack/opt/spack/linux-rhel7-nehalem/gcc-10.3.0/zstd-1.5.2-uwnu6iiacyfmsa2heywy2poz7ptntphw/lib' --with-boot-ldflags='-Wl,-rpath,/users/khalbert/installs/git/spack/opt/spack/linux-rhel7-nehalem/gcc-10.3.0/gcc-10.3.0-lyjz33bckrr2qoosavernb7ejm3v26fh/lib -Wl,-rpath,/users/khalbert/installs/git/spack/opt/spack/linux-rhel7-nehalem/gcc-10.3.0/gcc-10.3.0-lyjz33bckrr2qoosavernb7ejm3v26fh/lib64 -Wl,-rpath,/users/khalbert/installs/git/spack/opt/spack/linux-rhel7-nehalem/gcc-10.3.0/binutils-2.38-xzgat4k66roe5pn7d2f3aaepojdirkww/lib -Wl,-rpath,/users/khalbert/installs/git/spack/opt/spack/linux-rhel7-nehalem/gcc-10.3.0/gmp-6.2.1-5qoxvarekvgwasrroachayu27qpdfzfu/lib -Wl,-rpath,/users/khalbert/installs/git/spack/opt/spack/linux-rhel7-nehalem/gcc-10.3.0/mpc-1.2.1-mg7le4ejr2k4owuj3n52srf34oegexiy/lib -Wl,-rpath,/users/khalbert/installs/git/spack/opt/spack/linux-rhel7-nehalem/gcc-10.3.0/mpfr-4.1.0-myphh33a7hgi77xsmwmhni4aca353k2m/lib -Wl,-rpath,/users/khalbert/installs/git/spack/opt/spack/linux-rhel7-nehalem/gcc-10.3.0/zlib-1.2.12-jcdjapnvvgzbj3nuyxudkrto7vie4wbu/lib -Wl,-rpath,/users/khalbert/installs/git/spack/opt/spack/linux-rhel7-nehalem/gcc-10.3.0/zstd-1.5.2-uwnu6iiacyfmsa2heywy2poz7ptntphw/lib -static-libstdc++ -static-libgcc' --with-build-config=spack]
  ignore line: [Thread model: posix]
  ignore line: [Supported LTO compression algorithms: zlib zstd]
  ignore line: [gcc version 10.3.0 (Spack GCC) ]
  ignore line: [COMPILER_PATH=/users/khalbert/installs/git/spack/opt/spack/linux-rhel7-nehalem/gcc-10.3.0/gcc-10.3.0-lyjz33bckrr2qoosavernb7ejm3v26fh/libexec/gcc/x86_64-pc-linux-gnu/10.3.0/:/users/khalbert/installs/git/spack/opt/spack/linux-rhel7-nehalem/gcc-10.3.0/gcc-10.3.0-lyjz33bckrr2qoosavernb7ejm3v26fh/libexec/gcc/x86_64-pc-linux-gnu/10.3.0/:/users/khalbert/installs/git/spack/opt/spack/linux-rhel7-nehalem/gcc-10.3.0/gcc-10.3.0-lyjz33bckrr2qoosavernb7ejm3v26fh/libexec/gcc/x86_64-pc-linux-gnu/:/users/khalbert/installs/git/spack/opt/spack/linux-rhel7-nehalem/gcc-10.3.0/gcc-10.3.0-lyjz33bckrr2qoosavernb7ejm3v26fh/lib/gcc/x86_64-pc-linux-gnu/10.3.0/:/users/khalbert/installs/git/spack/opt/spack/linux-rhel7-nehalem/gcc-10.3.0/gcc-10.3.0-lyjz33bckrr2qoosavernb7ejm3v26fh/lib/gcc/x86_64-pc-linux-gnu/]
  ignore line: [LIBRARY_PATH=/users/khalbert/installs/git/spack/opt/spack/linux-rhel7-nehalem/gcc-10.3.0/gcc-10.3.0-lyjz33bckrr2qoosavernb7ejm3v26fh/lib/gcc/x86_64-pc-linux-gnu/10.3.0/:/users/khalbert/installs/git/spack/opt/spack/linux-rhel7-nehalem/gcc-10.3.0/gcc-10.3.0-lyjz33bckrr2qoosavernb7ejm3v26fh/lib/gcc/x86_64-pc-linux-gnu/10.3.0/../../../../lib64/:/lib/../lib64/:/usr/lib/../lib64/:/users/khalbert/installs/git/spack/opt/spack/linux-rhel7-nehalem/gcc-10.3.0/gcc-10.3.0-lyjz33bckrr2qoosavernb7ejm3v26fh/lib/gcc/x86_64-pc-linux-gnu/10.3.0/../../../:/lib/:/usr/lib/]
  ignore line: [COLLECT_GCC_OPTIONS='-v' '-rdynamic' '-o' 'cmTC_a73af' '-shared-libgcc' '-mtune=generic' '-march=x86-64']
  link line: [ /users/khalbert/installs/git/spack/opt/spack/linux-rhel7-nehalem/gcc-10.3.0/gcc-10.3.0-lyjz33bckrr2qoosavernb7ejm3v26fh/libexec/gcc/x86_64-pc-linux-gnu/10.3.0/collect2 -plugin /users/khalbert/installs/git/spack/opt/spack/linux-rhel7-nehalem/gcc-10.3.0/gcc-10.3.0-lyjz33bckrr2qoosavernb7ejm3v26fh/libexec/gcc/x86_64-pc-linux-gnu/10.3.0/liblto_plugin.so -plugin-opt=/users/khalbert/installs/git/spack/opt/spack/linux-rhel7-nehalem/gcc-10.3.0/gcc-10.3.0-lyjz33bckrr2qoosavernb7ejm3v26fh/libexec/gcc/x86_64-pc-linux-gnu/10.3.0/lto-wrapper -plugin-opt=-fresolution=/tmp/cc4GsoSo.res -plugin-opt=-pass-through=-lgcc_s -plugin-opt=-pass-through=-lgcc -plugin-opt=-pass-through=-lc -plugin-opt=-pass-through=-lgcc_s -plugin-opt=-pass-through=-lgcc --eh-frame-hdr -m elf_x86_64 -export-dynamic -dynamic-linker /lib64/ld-linux-x86-64.so.2 -o cmTC_a73af /lib/../lib64/crt1.o /lib/../lib64/crti.o /users/khalbert/installs/git/spack/opt/spack/linux-rhel7-nehalem/gcc-10.3.0/gcc-10.3.0-lyjz33bckrr2qoosavernb7ejm3v26fh/lib/gcc/x86_64-pc-linux-gnu/10.3.0/crtbegin.o -rpath /users/khalbert/installs/git/spack/opt/spack/linux-rhel7-nehalem/gcc-10.3.0/gcc-10.3.0-lyjz33bckrr2qoosavernb7ejm3v26fh/lib:/users/khalbert/installs/git/spack/opt/spack/linux-rhel7-nehalem/gcc-10.3.0/gcc-10.3.0-lyjz33bckrr2qoosavernb7ejm3v26fh/lib64 -L/users/khalbert/installs/git/spack/opt/spack/linux-rhel7-nehalem/gcc-10.3.0/gcc-10.3.0-lyjz33bckrr2qoosavernb7ejm3v26fh/lib/gcc/x86_64-pc-linux-gnu/10.3.0 -L/users/khalbert/installs/git/spack/opt/spack/linux-rhel7-nehalem/gcc-10.3.0/gcc-10.3.0-lyjz33bckrr2qoosavernb7ejm3v26fh/lib/gcc/x86_64-pc-linux-gnu/10.3.0/../../../../lib64 -L/lib/../lib64 -L/usr/lib/../lib64 -L/users/khalbert/installs/git/spack/opt/spack/linux-rhel7-nehalem/gcc-10.3.0/gcc-10.3.0-lyjz33bckrr2qoosavernb7ejm3v26fh/lib/gcc/x86_64-pc-linux-gnu/10.3.0/../../.. CMakeFiles/cmTC_a73af.dir/CMakeCXXCompilerABI.cpp.o -lstdc++ -lm -lgcc_s -lgcc -lc -lgcc_s -lgcc /users/khalbert/installs/git/spack/opt/spack/linux-rhel7-nehalem/gcc-10.3.0/gcc-10.3.0-lyjz33bckrr2qoosavernb7ejm3v26fh/lib/gcc/x86_64-pc-linux-gnu/10.3.0/crtend.o /lib/../lib64/crtn.o]
    arg [/users/khalbert/installs/git/spack/opt/spack/linux-rhel7-nehalem/gcc-10.3.0/gcc-10.3.0-lyjz33bckrr2qoosavernb7ejm3v26fh/libexec/gcc/x86_64-pc-linux-gnu/10.3.0/collect2] ==> ignore
    arg [-plugin] ==> ignore
    arg [/users/khalbert/installs/git/spack/opt/spack/linux-rhel7-nehalem/gcc-10.3.0/gcc-10.3.0-lyjz33bckrr2qoosavernb7ejm3v26fh/libexec/gcc/x86_64-pc-linux-gnu/10.3.0/liblto_plugin.so] ==> ignore
    arg [-plugin-opt=/users/khalbert/installs/git/spack/opt/spack/linux-rhel7-nehalem/gcc-10.3.0/gcc-10.3.0-lyjz33bckrr2qoosavernb7ejm3v26fh/libexec/gcc/x86_64-pc-linux-gnu/10.3.0/lto-wrapper] ==> ignore
    arg [-plugin-opt=-fresolution=/tmp/cc4GsoSo.res] ==> ignore
    arg [-plugin-opt=-pass-through=-lgcc_s] ==> ignore
    arg [-plugin-opt=-pass-through=-lgcc] ==> ignore
    arg [-plugin-opt=-pass-through=-lc] ==> ignore
    arg [-plugin-opt=-pass-through=-lgcc_s] ==> ignore
    arg [-plugin-opt=-pass-through=-lgcc] ==> ignore
    arg [--eh-frame-hdr] ==> ignore
    arg [-m] ==> ignore
    arg [elf_x86_64] ==> ignore
    arg [-export-dynamic] ==> ignore
    arg [-dynamic-linker] ==> ignore
    arg [/lib64/ld-linux-x86-64.so.2] ==> ignore
    arg [-o] ==> ignore
    arg [cmTC_a73af] ==> ignore
    arg [/lib/../lib64/crt1.o] ==> obj [/lib/../lib64/crt1.o]
    arg [/lib/../lib64/crti.o] ==> obj [/lib/../lib64/crti.o]
    arg [/users/khalbert/installs/git/spack/opt/spack/linux-rhel7-nehalem/gcc-10.3.0/gcc-10.3.0-lyjz33bckrr2qoosavernb7ejm3v26fh/lib/gcc/x86_64-pc-linux-gnu/10.3.0/crtbegin.o] ==> obj [/users/khalbert/installs/git/spack/opt/spack/linux-rhel7-nehalem/gcc-10.3.0/gcc-10.3.0-lyjz33bckrr2qoosavernb7ejm3v26fh/lib/gcc/x86_64-pc-linux-gnu/10.3.0/crtbegin.o]
    arg [-rpath] ==> ignore
    arg [/users/khalbert/installs/git/spack/opt/spack/linux-rhel7-nehalem/gcc-10.3.0/gcc-10.3.0-lyjz33bckrr2qoosavernb7ejm3v26fh/lib:/users/khalbert/installs/git/spack/opt/spack/linux-rhel7-nehalem/gcc-10.3.0/gcc-10.3.0-lyjz33bckrr2qoosavernb7ejm3v26fh/lib64] ==> ignore
    arg [-L/users/khalbert/installs/git/spack/opt/spack/linux-rhel7-nehalem/gcc-10.3.0/gcc-10.3.0-lyjz33bckrr2qoosavernb7ejm3v26fh/lib/gcc/x86_64-pc-linux-gnu/10.3.0] ==> dir [/users/khalbert/installs/git/spack/opt/spack/linux-rhel7-nehalem/gcc-10.3.0/gcc-10.3.0-lyjz33bckrr2qoosavernb7ejm3v26fh/lib/gcc/x86_64-pc-linux-gnu/10.3.0]
    arg [-L/users/khalbert/installs/git/spack/opt/spack/linux-rhel7-nehalem/gcc-10.3.0/gcc-10.3.0-lyjz33bckrr2qoosavernb7ejm3v26fh/lib/gcc/x86_64-pc-linux-gnu/10.3.0/../../../../lib64] ==> dir [/users/khalbert/installs/git/spack/opt/spack/linux-rhel7-nehalem/gcc-10.3.0/gcc-10.3.0-lyjz33bckrr2qoosavernb7ejm3v26fh/lib/gcc/x86_64-pc-linux-gnu/10.3.0/../../../../lib64]
    arg [-L/lib/../lib64] ==> dir [/lib/../lib64]
    arg [-L/usr/lib/../lib64] ==> dir [/usr/lib/../lib64]
    arg [-L/users/khalbert/installs/git/spack/opt/spack/linux-rhel7-nehalem/gcc-10.3.0/gcc-10.3.0-lyjz33bckrr2qoosavernb7ejm3v26fh/lib/gcc/x86_64-pc-linux-gnu/10.3.0/../../..] ==> dir [/users/khalbert/installs/git/spack/opt/spack/linux-rhel7-nehalem/gcc-10.3.0/gcc-10.3.0-lyjz33bckrr2qoosavernb7ejm3v26fh/lib/gcc/x86_64-pc-linux-gnu/10.3.0/../../..]
    arg [CMakeFiles/cmTC_a73af.dir/CMakeCXXCompilerABI.cpp.o] ==> ignore
    arg [-lstdc++] ==> lib [stdc++]
    arg [-lm] ==> lib [m]
    arg [-lgcc_s] ==> lib [gcc_s]
    arg [-lgcc] ==> lib [gcc]
    arg [-lc] ==> lib [c]
    arg [-lgcc_s] ==> lib [gcc_s]
    arg [-lgcc] ==> lib [gcc]
    arg [/users/khalbert/installs/git/spack/opt/spack/linux-rhel7-nehalem/gcc-10.3.0/gcc-10.3.0-lyjz33bckrr2qoosavernb7ejm3v26fh/lib/gcc/x86_64-pc-linux-gnu/10.3.0/crtend.o] ==> obj [/users/khalbert/installs/git/spack/opt/spack/linux-rhel7-nehalem/gcc-10.3.0/gcc-10.3.0-lyjz33bckrr2qoosavernb7ejm3v26fh/lib/gcc/x86_64-pc-linux-gnu/10.3.0/crtend.o]
    arg [/lib/../lib64/crtn.o] ==> obj [/lib/../lib64/crtn.o]
  collapse obj [/lib/../lib64/crt1.o] ==> [/lib64/crt1.o]
  collapse obj [/lib/../lib64/crti.o] ==> [/lib64/crti.o]
  collapse obj [/lib/../lib64/crtn.o] ==> [/lib64/crtn.o]
  collapse library dir [/users/khalbert/installs/git/spack/opt/spack/linux-rhel7-nehalem/gcc-10.3.0/gcc-10.3.0-lyjz33bckrr2qoosavernb7ejm3v26fh/lib/gcc/x86_64-pc-linux-gnu/10.3.0] ==> [/users/khalbert/installs/git/spack/opt/spack/linux-rhel7-nehalem/gcc-10.3.0/gcc-10.3.0-lyjz33bckrr2qoosavernb7ejm3v26fh/lib/gcc/x86_64-pc-linux-gnu/10.3.0]
  collapse library dir [/users/khalbert/installs/git/spack/opt/spack/linux-rhel7-nehalem/gcc-10.3.0/gcc-10.3.0-lyjz33bckrr2qoosavernb7ejm3v26fh/lib/gcc/x86_64-pc-linux-gnu/10.3.0/../../../../lib64] ==> [/users/khalbert/installs/git/spack/opt/spack/linux-rhel7-nehalem/gcc-10.3.0/gcc-10.3.0-lyjz33bckrr2qoosavernb7ejm3v26fh/lib64]
  collapse library dir [/lib/../lib64] ==> [/lib64]
  collapse library dir [/usr/lib/../lib64] ==> [/usr/lib64]
  collapse library dir [/users/khalbert/installs/git/spack/opt/spack/linux-rhel7-nehalem/gcc-10.3.0/gcc-10.3.0-lyjz33bckrr2qoosavernb7ejm3v26fh/lib/gcc/x86_64-pc-linux-gnu/10.3.0/../../..] ==> [/users/khalbert/installs/git/spack/opt/spack/linux-rhel7-nehalem/gcc-10.3.0/gcc-10.3.0-lyjz33bckrr2qoosavernb7ejm3v26fh/lib]
  implicit libs: [stdc++;m;gcc_s;gcc;c;gcc_s;gcc]
  implicit objs: [/lib64/crt1.o;/lib64/crti.o;/users/khalbert/installs/git/spack/opt/spack/linux-rhel7-nehalem/gcc-10.3.0/gcc-10.3.0-lyjz33bckrr2qoosavernb7ejm3v26fh/lib/gcc/x86_64-pc-linux-gnu/10.3.0/crtbegin.o;/users/khalbert/installs/git/spack/opt/spack/linux-rhel7-nehalem/gcc-10.3.0/gcc-10.3.0-lyjz33bckrr2qoosavernb7ejm3v26fh/lib/gcc/x86_64-pc-linux-gnu/10.3.0/crtend.o;/lib64/crtn.o]
  implicit dirs: [/users/khalbert/installs/git/spack/opt/spack/linux-rhel7-nehalem/gcc-10.3.0/gcc-10.3.0-lyjz33bckrr2qoosavernb7ejm3v26fh/lib/gcc/x86_64-pc-linux-gnu/10.3.0;/users/khalbert/installs/git/spack/opt/spack/linux-rhel7-nehalem/gcc-10.3.0/gcc-10.3.0-lyjz33bckrr2qoosavernb7ejm3v26fh/lib64;/lib64;/usr/lib64;/users/khalbert/installs/git/spack/opt/spack/linux-rhel7-nehalem/gcc-10.3.0/gcc-10.3.0-lyjz33bckrr2qoosavernb7ejm3v26fh/lib]
  implicit fwks: []


